<?xml version="1.0" ?>
<!DOCTYPE coverage SYSTEM "http://cobertura.sourceforge.net/xml/coverage-04.dtd">
<coverage lines-valid="2606" lines-covered="2321" line-rate="0.8906000000000001" branches-valid="1333" branches-covered="1128" branch-rate="0.8462000000000001" timestamp="1624920303715" complexity="0" version="0.1">
  <sources>
    <source>/Users/diehbria/aws-synchro-charts/packages/synchro-charts</source>
  </sources>
  <packages>
    <package name="src" line-rate="1" branch-rate="1">
      <classes>
        <class name="components.d.ts" filename="src/components.d.ts" line-rate="1" branch-rate="1">
          <methods>
          </methods>
          <lines>
          </lines>
        </class>
        <class name="constants.ts" filename="src/constants.ts" line-rate="1" branch-rate="1">
          <methods>
          </methods>
          <lines>
            <line number="1" hits="5" branch="false"/>
            <line number="2" hits="5" branch="false"/>
            <line number="3" hits="5" branch="false"/>
          </lines>
        </class>
        <class name="global.d.ts" filename="src/global.d.ts" line-rate="1" branch-rate="1">
          <methods>
          </methods>
          <lines>
          </lines>
        </class>
        <class name="index.ts" filename="src/index.ts" line-rate="1" branch-rate="1">
          <methods>
          </methods>
          <lines>
            <line number="1" hits="5" branch="false"/>
            <line number="2" hits="5" branch="false"/>
            <line number="3" hits="5" branch="false"/>
          </lines>
        </class>
        <class name="interface.d.ts" filename="src/interface.d.ts" line-rate="1" branch-rate="1">
          <methods>
          </methods>
          <lines>
          </lines>
        </class>
        <class name="models.d.ts" filename="src/models.d.ts" line-rate="1" branch-rate="1">
          <methods>
          </methods>
          <lines>
          </lines>
        </class>
      </classes>
    </package>
    <package name="src.components.charts" line-rate="1" branch-rate="1">
      <classes>
        <class name="common.ts" filename="src/components/charts/common.ts" line-rate="1" branch-rate="1">
          <methods>
          </methods>
          <lines>
            <line number="5" hits="9" branch="false"/>
            <line number="6" hits="9" branch="false"/>
            <line number="7" hits="9" branch="false"/>
          </lines>
        </class>
      </classes>
    </package>
    <package name="src.components.charts.chart-icon" line-rate="1" branch-rate="1">
      <classes>
        <class name="sc-chart-icon.tsx" filename="src/components/charts/chart-icon/sc-chart-icon.tsx" line-rate="1" branch-rate="1">
          <methods>
            <method name="(anonymous_0)" hits="13" signature="()V">
              <lines>
                <line number="5" hits="13"/>
              </lines>
            </method>
            <method name="(anonymous_1)" hits="13" signature="()V">
              <lines>
                <line number="15" hits="13"/>
              </lines>
            </method>
          </methods>
          <lines>
            <line number="1" hits="7" branch="false"/>
            <line number="2" hits="7" branch="false"/>
            <line number="3" hits="7" branch="false"/>
            <line number="5" hits="7" branch="false"/>
            <line number="11" hits="13" branch="false"/>
            <line number="16" hits="13" branch="false"/>
          </lines>
        </class>
      </classes>
    </package>
    <package name="src.components.charts.common" line-rate="0.8986" branch-rate="0.9351">
      <classes>
        <class name="constants.ts" filename="src/components/charts/common/constants.ts" line-rate="1" branch-rate="1">
          <methods>
            <method name="(anonymous_0)" hits="50" signature="()V">
              <lines>
                <line number="10" hits="50"/>
              </lines>
            </method>
            <method name="(anonymous_1)" hits="50" signature="()V">
              <lines>
                <line number="16" hits="50"/>
              </lines>
            </method>
            <method name="(anonymous_2)" hits="50" signature="()V">
              <lines>
                <line number="21" hits="50"/>
              </lines>
            </method>
            <method name="(anonymous_3)" hits="50" signature="()V">
              <lines>
                <line number="29" hits="50"/>
              </lines>
            </method>
            <method name="(anonymous_4)" hits="50" signature="()V">
              <lines>
                <line number="49" hits="50"/>
              </lines>
            </method>
          </methods>
          <lines>
            <line number="10" hits="50" branch="true" condition-coverage="100% (2/2)"/>
            <line number="11" hits="50" branch="false"/>
            <line number="12" hits="50" branch="false"/>
            <line number="13" hits="50" branch="false"/>
            <line number="16" hits="50" branch="true" condition-coverage="100% (2/2)"/>
            <line number="17" hits="50" branch="false"/>
            <line number="18" hits="50" branch="false"/>
            <line number="21" hits="50" branch="true" condition-coverage="100% (2/2)"/>
            <line number="22" hits="50" branch="false"/>
            <line number="23" hits="50" branch="false"/>
            <line number="24" hits="50" branch="false"/>
            <line number="25" hits="50" branch="false"/>
            <line number="26" hits="50" branch="false"/>
            <line number="29" hits="50" branch="true" condition-coverage="100% (2/2)"/>
            <line number="30" hits="50" branch="false"/>
            <line number="31" hits="50" branch="false"/>
            <line number="32" hits="50" branch="false"/>
            <line number="33" hits="50" branch="false"/>
            <line number="34" hits="50" branch="false"/>
            <line number="35" hits="50" branch="false"/>
            <line number="36" hits="50" branch="false"/>
            <line number="39" hits="50" branch="false"/>
            <line number="49" hits="50" branch="true" condition-coverage="100% (2/2)"/>
            <line number="50" hits="50" branch="false"/>
            <line number="51" hits="50" branch="false"/>
            <line number="52" hits="50" branch="false"/>
          </lines>
        </class>
        <class name="dataFilters.ts" filename="src/components/charts/common/dataFilters.ts" line-rate="1" branch-rate="1">
          <methods>
            <method name="(anonymous_0)" hits="383" signature="()V">
              <lines>
                <line number="8" hits="383"/>
              </lines>
            </method>
            <method name="(anonymous_1)" hits="116" signature="()V">
              <lines>
                <line number="24" hits="116"/>
              </lines>
            </method>
            <method name="(anonymous_2)" hits="165" signature="()V">
              <lines>
                <line number="60" hits="165"/>
              </lines>
            </method>
          </methods>
          <lines>
            <line number="1" hits="28" branch="false"/>
            <line number="8" hits="383" branch="false"/>
            <line number="24" hits="28" branch="false"/>
            <line number="32" hits="116" branch="true" condition-coverage="100% (2/2)"/>
            <line number="33" hits="116" branch="true" condition-coverage="100% (2/2)"/>
            <line number="36" hits="116" branch="true" condition-coverage="100% (2/2)"/>
            <line number="37" hits="65" branch="false"/>
            <line number="40" hits="51" branch="true" condition-coverage="100% (2/2)"/>
            <line number="41" hits="4" branch="false"/>
            <line number="44" hits="47" branch="true" condition-coverage="100% (2/2)"/>
            <line number="45" hits="7" branch="false"/>
            <line number="50" hits="40" branch="true" condition-coverage="100% (2/2)"/>
            <line number="51" hits="40" branch="true" condition-coverage="100% (2/2)"/>
            <line number="52" hits="40" branch="false"/>
            <line number="60" hits="28" branch="false"/>
            <line number="62" hits="165" branch="true" condition-coverage="100% (2/2)"/>
            <line number="63" hits="54" branch="false"/>
            <line number="66" hits="111" branch="true" condition-coverage="100% (2/2)"/>
            <line number="67" hits="6" branch="false"/>
            <line number="72" hits="105" branch="false"/>
            <line number="73" hits="105" branch="false"/>
          </lines>
        </class>
        <class name="determineResolution.ts" filename="src/components/charts/common/determineResolution.ts" line-rate="0.9231" branch-rate="0.9167000000000001">
          <methods>
            <method name="(anonymous_0)" hits="7" signature="()V">
              <lines>
                <line number="12" hits="7"/>
              </lines>
            </method>
            <method name="(anonymous_1)" hits="17" signature="()V">
              <lines>
                <line number="34" hits="17"/>
              </lines>
            </method>
            <method name="(anonymous_2)" hits="13" signature="()V">
              <lines>
                <line number="45" hits="13"/>
              </lines>
            </method>
          </methods>
          <lines>
            <line number="1" hits="1" branch="false"/>
            <line number="10" hits="1" branch="false"/>
            <line number="12" hits="1" branch="false"/>
            <line number="25" hits="7" branch="true" condition-coverage="100% (2/2)"/>
            <line number="26" hits="1" branch="false"/>
            <line number="28" hits="6" branch="true" condition-coverage="75% (3/4)"/>
            <line number="29" hits="0" branch="false"/>
            <line number="32" hits="6" branch="false"/>
            <line number="33" hits="6" branch="false"/>
            <line number="34" hits="17" branch="false"/>
            <line number="41" hits="6" branch="true" condition-coverage="100% (4/4)"/>
            <line number="42" hits="1" branch="false"/>
            <line number="45" hits="13" branch="true" condition-coverage="100% (2/2)"/>
          </lines>
        </class>
        <class name="getDistanceFromDuration.ts" filename="src/components/charts/common/getDistanceFromDuration.ts" line-rate="1" branch-rate="1">
          <methods>
            <method name="(anonymous_0)" hits="329" signature="()V">
              <lines>
                <line number="12" hits="329"/>
              </lines>
            </method>
          </methods>
          <lines>
            <line number="12" hits="10" branch="false"/>
            <line number="13" hits="329" branch="false"/>
          </lines>
        </class>
        <class name="getYRange.ts" filename="src/components/charts/common/getYRange.ts" line-rate="1" branch-rate="1">
          <methods>
            <method name="(anonymous_0)" hits="6" signature="()V">
              <lines>
                <line number="4" hits="6"/>
              </lines>
            </method>
            <method name="(anonymous_1)" hits="186" signature="()V">
              <lines>
                <line number="9" hits="186"/>
              </lines>
            </method>
            <method name="(anonymous_2)" hits="186" signature="()V">
              <lines>
                <line number="14" hits="186"/>
              </lines>
            </method>
            <method name="(anonymous_3)" hits="186" signature="()V">
              <lines>
                <line number="20" hits="186"/>
              </lines>
            </method>
            <method name="(anonymous_4)" hits="186" signature="()V">
              <lines>
                <line number="20" hits="186"/>
              </lines>
            </method>
            <method name="(anonymous_5)" hits="224" signature="()V">
              <lines>
                <line number="26" hits="224"/>
              </lines>
            </method>
            <method name="(anonymous_6)" hits="112" signature="()V">
              <lines>
                <line number="45" hits="112"/>
              </lines>
            </method>
            <method name="(anonymous_7)" hits="201" signature="()V">
              <lines>
                <line number="58" hits="201"/>
              </lines>
            </method>
            <method name="(anonymous_8)" hits="287" signature="()V">
              <lines>
                <line number="64" hits="287"/>
              </lines>
            </method>
            <method name="(anonymous_9)" hits="201" signature="()V">
              <lines>
                <line number="99" hits="201"/>
              </lines>
            </method>
            <method name="(anonymous_10)" hits="204" signature="()V">
              <lines>
                <line number="109" hits="204"/>
              </lines>
            </method>
            <method name="(anonymous_11)" hits="83" signature="()V">
              <lines>
                <line number="110" hits="83"/>
              </lines>
            </method>
            <method name="(anonymous_12)" hits="5" signature="()V">
              <lines>
                <line number="116" hits="5"/>
              </lines>
            </method>
            <method name="(anonymous_13)" hits="10" signature="()V">
              <lines>
                <line number="119" hits="10"/>
              </lines>
            </method>
          </methods>
          <lines>
            <line number="4" hits="6" branch="true" condition-coverage="100% (2/2)"/>
            <line number="5" hits="6" branch="false"/>
            <line number="6" hits="6" branch="false"/>
            <line number="9" hits="6" branch="false"/>
            <line number="10" hits="186" branch="false"/>
            <line number="11" hits="186" branch="false"/>
            <line number="14" hits="6" branch="false"/>
            <line number="15" hits="186" branch="false"/>
            <line number="16" hits="186" branch="true" condition-coverage="100% (2/2)"/>
            <line number="19" hits="6" branch="false"/>
            <line number="20" hits="186" branch="false"/>
            <line number="21" hits="186" branch="false"/>
            <line number="22" hits="186" branch="false"/>
            <line number="23" hits="186" branch="true" condition-coverage="100% (2/2)"/>
            <line number="26" hits="6" branch="false"/>
            <line number="27" hits="224" branch="true" condition-coverage="100% (2/2)"/>
            <line number="28" hits="38" branch="false"/>
            <line number="31" hits="186" branch="false"/>
            <line number="32" hits="186" branch="true" condition-coverage="100% (2/2)"/>
            <line number="40" hits="6" branch="false"/>
            <line number="45" hits="6" branch="false"/>
            <line number="46" hits="112" branch="false"/>
            <line number="48" hits="112" branch="true" condition-coverage="100% (2/2)"/>
            <line number="50" hits="31" branch="true" condition-coverage="100% (2/2)"/>
            <line number="52" hits="81" branch="false"/>
            <line number="55" hits="112" branch="false"/>
            <line number="58" hits="6" branch="false"/>
            <line number="59" hits="201" branch="true" condition-coverage="100% (2/2)"/>
            <line number="60" hits="89" branch="false"/>
            <line number="63" hits="112" branch="false"/>
            <line number="64" hits="287" branch="false"/>
            <line number="74" hits="112" branch="false"/>
            <line number="75" hits="112" branch="false"/>
            <line number="76" hits="112" branch="false"/>
            <line number="77" hits="112" branch="false"/>
            <line number="78" hits="112" branch="false"/>
            <line number="81" hits="112" branch="true" condition-coverage="100% (4/4)"/>
            <line number="83" hits="108" branch="true" condition-coverage="100% (4/4)"/>
            <line number="84" hits="22" branch="false"/>
            <line number="88" hits="108" branch="true" condition-coverage="100% (4/4)"/>
            <line number="89" hits="16" branch="false"/>
            <line number="93" hits="112" branch="false"/>
            <line number="99" hits="6" branch="false"/>
            <line number="109" hits="204" branch="false"/>
            <line number="110" hits="201" branch="false"/>
            <line number="112" hits="201" branch="false"/>
            <line number="116" hits="6" branch="false"/>
            <line number="117" hits="5" branch="false"/>
            <line number="119" hits="5" branch="false"/>
            <line number="128" hits="10" branch="true" condition-coverage="100% (4/4)"/>
            <line number="129" hits="6" branch="false"/>
            <line number="132" hits="4" branch="false"/>
            <line number="133" hits="4" branch="false"/>
          </lines>
        </class>
        <class name="palettes.ts" filename="src/components/charts/common/palettes.ts" line-rate="0" branch-rate="0">
          <methods>
            <method name="(anonymous_0)" hits="0" signature="()V">
              <lines>
                <line number="21" hits="0"/>
              </lines>
            </method>
            <method name="(anonymous_1)" hits="0" signature="()V">
              <lines>
                <line number="31" hits="0"/>
              </lines>
            </method>
          </methods>
          <lines>
            <line number="1" hits="0" branch="false"/>
            <line number="3" hits="0" branch="false"/>
            <line number="12" hits="0" branch="false"/>
            <line number="21" hits="0" branch="true" condition-coverage="0% (0/2)"/>
            <line number="22" hits="0" branch="false"/>
            <line number="23" hits="0" branch="false"/>
            <line number="26" hits="0" branch="false"/>
            <line number="31" hits="0" branch="false"/>
            <line number="32" hits="0" branch="false"/>
            <line number="33" hits="0" branch="false"/>
            <line number="34" hits="0" branch="true" condition-coverage="0% (0/2)"/>
            <line number="35" hits="0" branch="false"/>
            <line number="37" hits="0" branch="false"/>
          </lines>
        </class>
        <class name="pixelDensity.ts" filename="src/components/charts/common/pixelDensity.ts" line-rate="1" branch-rate="1">
          <methods>
            <method name="(anonymous_0)" hits="147" signature="()V">
              <lines>
                <line number="10" hits="147"/>
              </lines>
            </method>
          </methods>
          <lines>
            <line number="10" hits="10" branch="false"/>
            <line number="19" hits="147" branch="false"/>
            <line number="24" hits="147" branch="false"/>
            <line number="25" hits="147" branch="false"/>
            <line number="27" hits="147" branch="false"/>
          </lines>
        </class>
        <class name="testUtil.ts" filename="src/components/charts/common/testUtil.ts" line-rate="1" branch-rate="1">
          <methods>
          </methods>
          <lines>
            <line number="1" hits="20" branch="false"/>
            <line number="4" hits="20" branch="false"/>
            <line number="5" hits="20" branch="false"/>
            <line number="8" hits="20" branch="false"/>
            <line number="18" hits="20" branch="false"/>
          </lines>
        </class>
      </classes>
    </package>
    <package name="src.components.charts.common.annotations" line-rate="0.9662000000000001" branch-rate="0.9104000000000001">
      <classes>
        <class name="breachedThreshold.ts" filename="src/components/charts/common/annotations/breachedThreshold.ts" line-rate="0.973" branch-rate="0.9">
          <methods>
            <method name="(anonymous_0)" hits="39" signature="()V">
              <lines>
                <line number="9" hits="39"/>
              </lines>
            </method>
            <method name="(anonymous_1)" hits="164" signature="()V">
              <lines>
                <line number="33" hits="164"/>
              </lines>
            </method>
            <method name="(anonymous_2)" hits="81" signature="()V">
              <lines>
                <line number="42" hits="81"/>
              </lines>
            </method>
            <method name="(anonymous_3)" hits="166" signature="()V">
              <lines>
                <line number="57" hits="166"/>
              </lines>
            </method>
            <method name="(anonymous_4)" hits="24" signature="()V">
              <lines>
                <line number="70" hits="24"/>
              </lines>
            </method>
            <method name="(anonymous_5)" hits="24" signature="()V">
              <lines>
                <line number="70" hits="24"/>
              </lines>
            </method>
            <method name="(anonymous_6)" hits="259" signature="()V">
              <lines>
                <line number="73" hits="259"/>
              </lines>
            </method>
            <method name="(anonymous_7)" hits="15" signature="()V">
              <lines>
                <line number="78" hits="15"/>
              </lines>
            </method>
            <method name="(anonymous_8)" hits="16" signature="()V">
              <lines>
                <line number="79" hits="16"/>
              </lines>
            </method>
            <method name="(anonymous_9)" hits="160" signature="()V">
              <lines>
                <line number="93" hits="160"/>
              </lines>
            </method>
            <method name="(anonymous_10)" hits="62" signature="()V">
              <lines>
                <line number="111" hits="62"/>
              </lines>
            </method>
          </methods>
          <lines>
            <line number="2" hits="15" branch="false"/>
            <line number="3" hits="15" branch="false"/>
            <line number="5" hits="15" branch="false"/>
            <line number="6" hits="15" branch="false"/>
            <line number="7" hits="15" branch="false"/>
            <line number="9" hits="15" branch="false"/>
            <line number="10" hits="39" branch="true" condition-coverage="100% (2/2)"/>
            <line number="11" hits="36" branch="false"/>
            <line number="13" hits="3" branch="true" condition-coverage="75% (3/4)"/>
            <line number="14" hits="0" branch="false"/>
            <line number="16" hits="3" branch="true" condition-coverage="100% (2/2)"/>
            <line number="17" hits="1" branch="false"/>
            <line number="19" hits="2" branch="true" condition-coverage="100% (2/2)"/>
            <line number="20" hits="1" branch="false"/>
            <line number="22" hits="1" branch="true" condition-coverage="50% (1/2)"/>
            <line number="33" hits="15" branch="false"/>
            <line number="34" hits="164" branch="false"/>
            <line number="42" hits="15" branch="false"/>
            <line number="43" hits="81" branch="false"/>
            <line number="44" hits="81" branch="true" condition-coverage="100% (2/2)"/>
            <line number="45" hits="72" branch="false"/>
            <line number="47" hits="9" branch="false"/>
            <line number="57" hits="15" branch="false"/>
            <line number="69" hits="166" branch="false"/>
            <line number="70" hits="24" branch="true" condition-coverage="100% (2/2)"/>
            <line number="73" hits="259" branch="false"/>
            <line number="74" hits="166" branch="false"/>
            <line number="77" hits="166" branch="false"/>
            <line number="79" hits="16" branch="false"/>
            <line number="80" hits="15" branch="false"/>
            <line number="81" hits="15" branch="true" condition-coverage="100% (2/2)"/>
            <line number="85" hits="166" branch="false"/>
            <line number="93" hits="15" branch="false"/>
            <line number="111" hits="160" branch="false"/>
            <line number="112" hits="160" branch="true" condition-coverage="100% (2/2)"/>
            <line number="114" hits="160" branch="false"/>
            <line number="121" hits="160" branch="false"/>
          </lines>
        </class>
        <class name="constants.ts" filename="src/components/charts/common/annotations/constants.ts" line-rate="1" branch-rate="1">
          <methods>
          </methods>
          <lines>
            <line number="1" hits="6" branch="false"/>
            <line number="2" hits="6" branch="false"/>
          </lines>
        </class>
        <class name="iconUtils.tsx" filename="src/components/charts/common/annotations/iconUtils.tsx" line-rate="1" branch-rate="0.7406999999999999">
          <methods>
            <method name="(anonymous_0)" hits="5" signature="()V">
              <lines>
                <line number="12" hits="5"/>
              </lines>
            </method>
            <method name="(anonymous_1)" hits="3" signature="()V">
              <lines>
                <line number="20" hits="3"/>
              </lines>
            </method>
            <method name="(anonymous_2)" hits="4" signature="()V">
              <lines>
                <line number="37" hits="4"/>
              </lines>
            </method>
            <method name="(anonymous_3)" hits="3" signature="()V">
              <lines>
                <line number="57" hits="3"/>
              </lines>
            </method>
            <method name="(anonymous_4)" hits="3" signature="()V">
              <lines>
                <line number="67" hits="3"/>
              </lines>
            </method>
            <method name="(anonymous_5)" hits="4" signature="()V">
              <lines>
                <line number="75" hits="4"/>
              </lines>
            </method>
            <method name="(anonymous_6)" hits="13" signature="()V">
              <lines>
                <line number="85" hits="13"/>
              </lines>
            </method>
            <method name="(anonymous_7)" hits="36" signature="()V">
              <lines>
                <line number="107" hits="36"/>
              </lines>
            </method>
          </methods>
          <lines>
            <line number="2" hits="8" branch="false"/>
            <line number="9" hits="8" branch="false"/>
            <line number="11" hits="8" branch="false"/>
            <line number="13" hits="5" branch="false"/>
            <line number="21" hits="3" branch="false"/>
            <line number="38" hits="4" branch="false"/>
            <line number="58" hits="3" branch="false"/>
            <line number="68" hits="3" branch="false"/>
            <line number="76" hits="4" branch="false"/>
            <line number="86" hits="13" branch="false"/>
            <line number="107" hits="8" branch="false"/>
            <line number="108" hits="36" branch="true" condition-coverage="100% (2/2)"/>
            <line number="109" hits="35" branch="false"/>
            <line number="112" hits="1" branch="false"/>
            <line number="113" hits="1" branch="false"/>
          </lines>
        </class>
        <class name="renderAnnotations.ts" filename="src/components/charts/common/annotations/renderAnnotations.ts" line-rate="1" branch-rate="1">
          <methods>
            <method name="(anonymous_0)" hits="143" signature="()V">
              <lines>
                <line number="18" hits="143"/>
              </lines>
            </method>
            <method name="(anonymous_1)" hits="43" signature="()V">
              <lines>
                <line number="19" hits="43"/>
              </lines>
            </method>
            <method name="(anonymous_2)" hits="145" signature="()V">
              <lines>
                <line number="27" hits="145"/>
              </lines>
            </method>
          </methods>
          <lines>
            <line number="2" hits="6" branch="false"/>
            <line number="3" hits="6" branch="false"/>
            <line number="4" hits="6" branch="false"/>
            <line number="5" hits="6" branch="false"/>
            <line number="18" hits="6" branch="false"/>
            <line number="19" hits="143" branch="false"/>
            <line number="20" hits="43" branch="true" condition-coverage="100% (2/2)"/>
            <line number="21" hits="24" branch="true" condition-coverage="100% (2/2)"/>
            <line number="23" hits="19" branch="true" condition-coverage="100% (2/2)"/>
            <line number="27" hits="6" branch="false"/>
            <line number="28" hits="145" branch="true" condition-coverage="100% (5/5)"/>
            <line number="29" hits="1" branch="false"/>
            <line number="30" hits="1" branch="false"/>
            <line number="31" hits="1" branch="false"/>
            <line number="32" hits="1" branch="false"/>
            <line number="33" hits="1" branch="false"/>
            <line number="37" hits="144" branch="true" condition-coverage="100% (2/2)"/>
            <line number="38" hits="144" branch="true" condition-coverage="100% (2/2)"/>
            <line number="43" hits="144" branch="false"/>
            <line number="54" hits="144" branch="false"/>
            <line number="65" hits="144" branch="false"/>
            <line number="75" hits="144" branch="false"/>
          </lines>
        </class>
        <class name="thresholdBands.ts" filename="src/components/charts/common/annotations/thresholdBands.ts" line-rate="0.9839" branch-rate="0.9286">
          <methods>
            <method name="(anonymous_0)" hits="196" signature="()V">
              <lines>
                <line number="22" hits="196"/>
              </lines>
            </method>
            <method name="(anonymous_1)" hits="27" signature="()V">
              <lines>
                <line number="33" hits="27"/>
              </lines>
            </method>
          </methods>
          <lines>
            <line number="2" hits="12" branch="false"/>
            <line number="3" hits="12" branch="false"/>
            <line number="4" hits="12" branch="false"/>
            <line number="10" hits="12" branch="false"/>
            <line number="22" hits="12" branch="false"/>
            <line number="23" hits="196" branch="true" condition-coverage="100% (2/2)"/>
            <line number="24" hits="184" branch="false"/>
            <line number="27" hits="12" branch="false"/>
            <line number="29" hits="12" branch="false"/>
            <line number="30" hits="12" branch="false"/>
            <line number="31" hits="12" branch="false"/>
            <line number="33" hits="12" branch="false"/>
            <line number="34" hits="27" branch="false"/>
            <line number="35" hits="27" branch="true" condition-coverage="100% (2/2)"/>
            <line number="36" hits="2" branch="false"/>
            <line number="37" hits="2" branch="false"/>
            <line number="42" hits="2" branch="false"/>
            <line number="49" hits="25" branch="true" condition-coverage="100% (2/2)"/>
            <line number="50" hits="11" branch="false"/>
            <line number="51" hits="11" branch="false"/>
            <line number="52" hits="11" branch="true" condition-coverage="100% (2/2)"/>
            <line number="53" hits="7" branch="false"/>
            <line number="54" hits="7" branch="false"/>
            <line number="60" hits="11" branch="false"/>
            <line number="67" hits="14" branch="false"/>
            <line number="68" hits="14" branch="false"/>
            <line number="69" hits="14" branch="false"/>
            <line number="70" hits="14" branch="false"/>
            <line number="71" hits="14" branch="true" condition-coverage="100% (2/2)"/>
            <line number="72" hits="11" branch="true" condition-coverage="100% (2/2)"/>
            <line number="73" hits="5" branch="false"/>
            <line number="74" hits="5" branch="true" condition-coverage="50% (1/2)"/>
            <line number="78" hits="0" branch="false"/>
            <line number="84" hits="5" branch="false"/>
            <line number="91" hits="5" branch="false"/>
            <line number="99" hits="14" branch="true" condition-coverage="100% (2/2)"/>
            <line number="100" hits="6" branch="false"/>
            <line number="101" hits="6" branch="false"/>
            <line number="102" hits="6" branch="true" condition-coverage="100% (4/4)"/>
            <line number="103" hits="2" branch="false"/>
            <line number="104" hits="2" branch="false"/>
            <line number="110" hits="6" branch="false"/>
            <line number="117" hits="8" branch="false"/>
            <line number="118" hits="8" branch="false"/>
            <line number="119" hits="8" branch="false"/>
            <line number="120" hits="8" branch="false"/>
            <line number="121" hits="8" branch="true" condition-coverage="100% (4/4)"/>
            <line number="122" hits="6" branch="false"/>
            <line number="123" hits="6" branch="false"/>
            <line number="128" hits="6" branch="false"/>
            <line number="138" hits="12" branch="false"/>
            <line number="140" hits="12" branch="false"/>
            <line number="141" hits="122" branch="false"/>
            <line number="142" hits="122" branch="false"/>
            <line number="143" hits="122" branch="false"/>
            <line number="144" hits="122" branch="false"/>
            <line number="145" hits="122" branch="true" condition-coverage="100% (2/2)"/>
            <line number="146" hits="86" branch="false"/>
            <line number="148" hits="36" branch="false"/>
            <line number="149" hits="36" branch="false"/>
            <line number="154" hits="36" branch="false"/>
            <line number="157" hits="12" branch="false"/>
          </lines>
        </class>
        <class name="utils.ts" filename="src/components/charts/common/annotations/utils.ts" line-rate="0.9394" branch-rate="0.9369">
          <methods>
            <method name="(anonymous_1)" hits="348" signature="()V">
              <lines>
                <line number="14" hits="348"/>
              </lines>
            </method>
            <method name="(anonymous_2)" hits="592" signature="()V">
              <lines>
                <line number="15" hits="592"/>
              </lines>
            </method>
            <method name="(anonymous_3)" hits="111" signature="()V">
              <lines>
                <line number="21" hits="111"/>
              </lines>
            </method>
            <method name="(anonymous_4)" hits="14" signature="()V">
              <lines>
                <line number="28" hits="14"/>
              </lines>
            </method>
            <method name="(anonymous_5)" hits="10" signature="()V">
              <lines>
                <line number="41" hits="10"/>
              </lines>
            </method>
            <method name="(anonymous_6)" hits="55" signature="()V">
              <lines>
                <line number="63" hits="55"/>
              </lines>
            </method>
            <method name="(anonymous_7)" hits="30" signature="()V">
              <lines>
                <line number="65" hits="30"/>
              </lines>
            </method>
            <method name="(anonymous_8)" hits="27" signature="()V">
              <lines>
                <line number="90" hits="27"/>
              </lines>
            </method>
            <method name="(anonymous_9)" hits="16" signature="()V">
              <lines>
                <line number="100" hits="16"/>
              </lines>
            </method>
            <method name="(anonymous_10)" hits="405" signature="()V">
              <lines>
                <line number="118" hits="405"/>
              </lines>
            </method>
            <method name="(anonymous_11)" hits="389" signature="()V">
              <lines>
                <line number="156" hits="389"/>
              </lines>
            </method>
            <method name="(anonymous_12)" hits="256" signature="()V">
              <lines>
                <line number="180" hits="256"/>
              </lines>
            </method>
            <method name="(anonymous_13)" hits="359" signature="()V">
              <lines>
                <line number="181" hits="359"/>
              </lines>
            </method>
            <method name="(anonymous_14)" hits="450" signature="()V">
              <lines>
                <line number="200" hits="450"/>
              </lines>
            </method>
            <method name="(anonymous_15)" hits="28" signature="()V">
              <lines>
                <line number="206" hits="28"/>
              </lines>
            </method>
            <method name="(anonymous_16)" hits="51" signature="()V">
              <lines>
                <line number="258" hits="51"/>
              </lines>
            </method>
            <method name="(anonymous_17)" hits="26" signature="()V">
              <lines>
                <line number="260" hits="26"/>
              </lines>
            </method>
          </methods>
          <lines>
            <line number="1" hits="28" branch="false"/>
            <line number="4" hits="28" branch="false"/>
            <line number="6" hits="28" branch="false"/>
            <line number="7" hits="28" branch="false"/>
            <line number="8" hits="28" branch="false"/>
            <line number="14" hits="28" branch="false"/>
            <line number="15" hits="592" branch="false"/>
            <line number="21" hits="28" branch="false"/>
            <line number="22" hits="111" branch="true" condition-coverage="100% (3/3)"/>
            <line number="24" hits="111" branch="true" condition-coverage="100% (2/2)"/>
            <line number="25" hits="3" branch="false"/>
            <line number="28" hits="108" branch="false"/>
            <line number="30" hits="108" branch="true" condition-coverage="100% (2/2)"/>
            <line number="31" hits="101" branch="false"/>
            <line number="32" hits="101" branch="false"/>
            <line number="35" hits="7" branch="false"/>
            <line number="41" hits="28" branch="false"/>
            <line number="50" hits="10" branch="true" condition-coverage="100% (2/2)"/>
            <line number="51" hits="6" branch="false"/>
            <line number="53" hits="4" branch="true" condition-coverage="50% (1/2)"/>
            <line number="54" hits="0" branch="false"/>
            <line number="56" hits="4" branch="false"/>
            <line number="63" hits="55" branch="false"/>
            <line number="65" hits="28" branch="false"/>
            <line number="74" hits="30" branch="true" condition-coverage="100% (2/2)"/>
            <line number="75" hits="30" branch="true" condition-coverage="100% (4/4)"/>
            <line number="77" hits="30" branch="true" condition-coverage="100% (4/4)"/>
            <line number="78" hits="5" branch="false"/>
            <line number="80" hits="25" branch="true" condition-coverage="100% (4/4)"/>
            <line number="81" hits="23" branch="false"/>
            <line number="83" hits="2" branch="true" condition-coverage="75% (3/4)"/>
            <line number="84" hits="0" branch="false"/>
            <line number="87" hits="2" branch="false"/>
            <line number="90" hits="28" branch="false"/>
            <line number="91" hits="27" branch="true" condition-coverage="75% (3/4)"/>
            <line number="93" hits="27" branch="true" condition-coverage="50% (1/2)"/>
            <line number="94" hits="27" branch="false"/>
            <line number="97" hits="0" branch="false"/>
            <line number="100" hits="28" branch="false"/>
            <line number="109" hits="16" branch="true" condition-coverage="100% (2/2)"/>
            <line number="111" hits="16" branch="true" condition-coverage="100% (2/2)"/>
            <line number="112" hits="5" branch="false"/>
            <line number="115" hits="11" branch="false"/>
            <line number="118" hits="28" branch="false"/>
            <line number="119" hits="405" branch="true" condition-coverage="100% (2/2)"/>
            <line number="120" hits="405" branch="true" condition-coverage="100% (2/2)"/>
            <line number="121" hits="405" branch="false"/>
            <line number="123" hits="405" branch="true" condition-coverage="100% (4/4)"/>
            <line number="124" hits="374" branch="false"/>
            <line number="126" hits="158" branch="false"/>
            <line number="129" hits="32" branch="false"/>
            <line number="132" hits="141" branch="false"/>
            <line number="135" hits="26" branch="false"/>
            <line number="138" hits="17" branch="false"/>
            <line number="141" hits="0" branch="false"/>
            <line number="145" hits="31" branch="true" condition-coverage="75% (3/4)"/>
            <line number="146" hits="31" branch="true" condition-coverage="50% (1/2)"/>
            <line number="147" hits="31" branch="false"/>
            <line number="150" hits="0" branch="false"/>
            <line number="153" hits="0" branch="false"/>
            <line number="156" hits="389" branch="false"/>
            <line number="161" hits="28" branch="false"/>
            <line number="180" hits="28" branch="false"/>
            <line number="181" hits="256" branch="false"/>
            <line number="182" hits="359" branch="true" condition-coverage="100% (2/2)"/>
            <line number="183" hits="60" branch="false"/>
            <line number="186" hits="299" branch="false"/>
            <line number="200" hits="28" branch="false"/>
            <line number="201" hits="450" branch="true" condition-coverage="100% (2/2)"/>
            <line number="202" hits="181" branch="false"/>
            <line number="205" hits="269" branch="true" condition-coverage="100% (2/2)"/>
            <line number="206" hits="28" branch="true" condition-coverage="100% (2/2)"/>
            <line number="209" hits="242" branch="false"/>
            <line number="211" hits="242" branch="false"/>
            <line number="212" hits="242" branch="false"/>
            <line number="214" hits="242" branch="false"/>
            <line number="215" hits="242" branch="false"/>
            <line number="218" hits="242" branch="true" condition-coverage="100% (2/2)"/>
            <line number="223" hits="1" branch="false"/>
            <line number="224" hits="1" branch="false"/>
            <line number="228" hits="242" branch="true" condition-coverage="100% (5/5)"/>
            <line number="229" hits="10" branch="false"/>
            <line number="230" hits="10" branch="false"/>
            <line number="233" hits="242" branch="true" condition-coverage="100% (4/4)"/>
            <line number="234" hits="4" branch="false"/>
            <line number="237" hits="238" branch="true" condition-coverage="100% (4/4)"/>
            <line number="238" hits="42" branch="true" condition-coverage="100% (2/2)"/>
            <line number="241" hits="196" branch="true" condition-coverage="100% (4/4)"/>
            <line number="242" hits="149" branch="true" condition-coverage="100% (2/2)"/>
            <line number="245" hits="47" branch="true" condition-coverage="100% (4/4)"/>
            <line number="246" hits="20" branch="true" condition-coverage="100% (2/2)"/>
            <line number="248" hits="27" branch="true" condition-coverage="100% (4/4)"/>
            <line number="249" hits="11" branch="false"/>
            <line number="251" hits="16" branch="true" condition-coverage="100% (4/4)"/>
            <line number="252" hits="10" branch="false"/>
            <line number="255" hits="6" branch="false"/>
            <line number="258" hits="51" branch="false"/>
            <line number="260" hits="28" branch="false"/>
            <line number="261" hits="26" branch="true" condition-coverage="100% (4/4)"/>
          </lines>
        </class>
      </classes>
    </package>
    <package name="src.components.charts.common.annotations.XAnnotations" line-rate="1" branch-rate="1">
      <classes>
        <class name="XAnnotationLines.ts" filename="src/components/charts/common/annotations/XAnnotations/XAnnotationLines.ts" line-rate="1" branch-rate="1">
          <methods>
            <method name="(anonymous_0)" hits="144" signature="()V">
              <lines>
                <line number="10" hits="144"/>
              </lines>
            </method>
            <method name="(anonymous_1)" hits="11" signature="()V">
              <lines>
                <line number="34" hits="11"/>
              </lines>
            </method>
            <method name="(anonymous_2)" hits="11" signature="()V">
              <lines>
                <line number="35" hits="11"/>
              </lines>
            </method>
            <method name="(anonymous_3)" hits="3" signature="()V">
              <lines>
                <line number="43" hits="3"/>
              </lines>
            </method>
            <method name="(anonymous_4)" hits="3" signature="()V">
              <lines>
                <line number="44" hits="3"/>
              </lines>
            </method>
            <method name="(anonymous_5)" hits="1" signature="()V">
              <lines>
                <line number="52" hits="1"/>
              </lines>
            </method>
          </methods>
          <lines>
            <line number="1" hits="6" branch="false"/>
            <line number="3" hits="6" branch="false"/>
            <line number="4" hits="6" branch="false"/>
            <line number="5" hits="6" branch="false"/>
            <line number="8" hits="6" branch="false"/>
            <line number="10" hits="6" branch="false"/>
            <line number="24" hits="144" branch="false"/>
            <line number="29" hits="144" branch="false"/>
            <line number="34" hits="11" branch="false"/>
            <line number="35" hits="11" branch="false"/>
            <line number="42" hits="144" branch="false"/>
            <line number="43" hits="3" branch="false"/>
            <line number="44" hits="3" branch="false"/>
            <line number="49" hits="144" branch="false"/>
            <line number="52" hits="6" branch="false"/>
            <line number="56" hits="1" branch="false"/>
          </lines>
        </class>
        <class name="XAnnotationTexts.ts" filename="src/components/charts/common/annotations/XAnnotations/XAnnotationTexts.ts" line-rate="1" branch-rate="1">
          <methods>
            <method name="(anonymous_0)" hits="144" signature="()V">
              <lines>
                <line number="10" hits="144"/>
              </lines>
            </method>
            <method name="(anonymous_1)" hits="14" signature="()V">
              <lines>
                <line number="26" hits="14"/>
              </lines>
            </method>
            <method name="(anonymous_2)" hits="13" signature="()V">
              <lines>
                <line number="28" hits="13"/>
              </lines>
            </method>
            <method name="(anonymous_3)" hits="10" signature="()V">
              <lines>
                <line number="35" hits="10"/>
              </lines>
            </method>
            <method name="(anonymous_4)" hits="3" signature="()V">
              <lines>
                <line number="47" hits="3"/>
              </lines>
            </method>
            <method name="(anonymous_5)" hits="1" signature="()V">
              <lines>
                <line number="55" hits="1"/>
              </lines>
            </method>
          </methods>
          <lines>
            <line number="1" hits="6" branch="false"/>
            <line number="3" hits="6" branch="false"/>
            <line number="4" hits="6" branch="false"/>
            <line number="5" hits="6" branch="false"/>
            <line number="8" hits="6" branch="false"/>
            <line number="10" hits="6" branch="false"/>
            <line number="23" hits="144" branch="false"/>
            <line number="26" hits="14" branch="false"/>
            <line number="28" hits="144" branch="false"/>
            <line number="30" hits="144" branch="false"/>
            <line number="32" hits="144" branch="false"/>
            <line number="35" hits="10" branch="false"/>
            <line number="46" hits="144" branch="false"/>
            <line number="47" hits="3" branch="false"/>
            <line number="52" hits="144" branch="false"/>
            <line number="55" hits="6" branch="false"/>
            <line number="56" hits="1" branch="false"/>
          </lines>
        </class>
        <class name="utils.ts" filename="src/components/charts/common/annotations/XAnnotations/utils.ts" line-rate="1" branch-rate="1">
          <methods>
            <method name="(anonymous_0)" hits="41" signature="()V">
              <lines>
                <line number="4" hits="41"/>
              </lines>
            </method>
          </methods>
          <lines>
            <line number="4" hits="6" branch="false"/>
            <line number="13" hits="41" branch="false"/>
            <line number="15" hits="41" branch="false"/>
          </lines>
        </class>
      </classes>
    </package>
    <package name="src.components.charts.common.annotations.YAnnotations" line-rate="0.9783" branch-rate="1">
      <classes>
        <class name="YAnnotationLines.ts" filename="src/components/charts/common/annotations/YAnnotations/YAnnotationLines.ts" line-rate="1" branch-rate="1">
          <methods>
            <method name="(anonymous_0)" hits="144" signature="()V">
              <lines>
                <line number="10" hits="144"/>
              </lines>
            </method>
            <method name="(anonymous_1)" hits="26" signature="()V">
              <lines>
                <line number="21" hits="26"/>
              </lines>
            </method>
            <method name="(anonymous_2)" hits="1" signature="()V">
              <lines>
                <line number="58" hits="1"/>
              </lines>
            </method>
          </methods>
          <lines>
            <line number="1" hits="6" branch="false"/>
            <line number="3" hits="6" branch="false"/>
            <line number="4" hits="6" branch="false"/>
            <line number="5" hits="6" branch="false"/>
            <line number="8" hits="6" branch="false"/>
            <line number="10" hits="6" branch="false"/>
            <line number="21" hits="144" branch="false"/>
            <line number="22" hits="26" branch="false"/>
            <line number="31" hits="144" branch="false"/>
            <line number="36" hits="144" branch="false"/>
            <line number="48" hits="144" branch="false"/>
            <line number="55" hits="144" branch="false"/>
            <line number="58" hits="6" branch="false"/>
            <line number="62" hits="1" branch="false"/>
          </lines>
        </class>
        <class name="YAnnotationTexts.ts" filename="src/components/charts/common/annotations/YAnnotations/YAnnotationTexts.ts" line-rate="0.9655" branch-rate="1">
          <methods>
            <method name="(anonymous_0)" hits="144" signature="()V">
              <lines>
                <line number="12" hits="144"/>
              </lines>
            </method>
            <method name="(anonymous_1)" hits="15" signature="()V">
              <lines>
                <line number="25" hits="15"/>
              </lines>
            </method>
            <method name="(anonymous_2)" hits="13" signature="()V">
              <lines>
                <line number="35" hits="13"/>
              </lines>
            </method>
            <method name="(anonymous_3)" hits="13" signature="()V">
              <lines>
                <line number="39" hits="13"/>
              </lines>
            </method>
            <method name="(anonymous_4)" hits="2" signature="()V">
              <lines>
                <line number="69" hits="2"/>
              </lines>
            </method>
            <method name="(anonymous_5)" hits="13" signature="()V">
              <lines>
                <line number="73" hits="13"/>
              </lines>
            </method>
            <method name="(anonymous_6)" hits="2" signature="()V">
              <lines>
                <line number="84" hits="2"/>
              </lines>
            </method>
            <method name="(anonymous_7)" hits="0" signature="()V">
              <lines>
                <line number="93" hits="0"/>
              </lines>
            </method>
            <method name="(anonymous_8)" hits="1" signature="()V">
              <lines>
                <line number="99" hits="1"/>
              </lines>
            </method>
          </methods>
          <lines>
            <line number="1" hits="6" branch="false"/>
            <line number="3" hits="6" branch="false"/>
            <line number="4" hits="6" branch="false"/>
            <line number="5" hits="6" branch="false"/>
            <line number="8" hits="6" branch="false"/>
            <line number="9" hits="6" branch="false"/>
            <line number="10" hits="6" branch="false"/>
            <line number="12" hits="6" branch="false"/>
            <line number="25" hits="144" branch="false"/>
            <line number="26" hits="15" branch="false"/>
            <line number="35" hits="144" branch="false"/>
            <line number="36" hits="144" branch="false"/>
            <line number="39" hits="13" branch="false"/>
            <line number="42" hits="144" branch="false"/>
            <line number="56" hits="144" branch="false"/>
            <line number="61" hits="144" branch="false"/>
            <line number="66" hits="144" branch="false"/>
            <line number="67" hits="144" branch="false"/>
            <line number="69" hits="144" branch="false"/>
            <line number="70" hits="144" branch="false"/>
            <line number="73" hits="13" branch="false"/>
            <line number="76" hits="144" branch="false"/>
            <line number="84" hits="2" branch="false"/>
            <line number="90" hits="144" branch="false"/>
            <line number="93" hits="0" branch="false"/>
            <line number="96" hits="144" branch="false"/>
            <line number="99" hits="6" branch="false"/>
            <line number="103" hits="1" branch="false"/>
            <line number="110" hits="1" branch="false"/>
          </lines>
        </class>
        <class name="utils.ts" filename="src/components/charts/common/annotations/YAnnotations/utils.ts" line-rate="1" branch-rate="1">
          <methods>
            <method name="(anonymous_0)" hits="41" signature="()V">
              <lines>
                <line number="4" hits="41"/>
              </lines>
            </method>
          </methods>
          <lines>
            <line number="4" hits="6" branch="false"/>
            <line number="13" hits="41" branch="false"/>
            <line number="14" hits="41" branch="false"/>
          </lines>
        </class>
      </classes>
    </package>
    <package name="src.components.charts.common.meshes" line-rate="1" branch-rate="0.9444">
      <classes>
        <class name="point-coloration.frag.ts" filename="src/components/charts/common/meshes/point-coloration.frag.ts" line-rate="1" branch-rate="1">
          <methods>
          </methods>
          <lines>
            <line number="1" hits="10" branch="false"/>
            <line number="3" hits="10" branch="false"/>
          </lines>
        </class>
        <class name="point.frag.ts" filename="src/components/charts/common/meshes/point.frag.ts" line-rate="1" branch-rate="1">
          <methods>
          </methods>
          <lines>
            <line number="1" hits="10" branch="false"/>
          </lines>
        </class>
        <class name="point.vert.ts" filename="src/components/charts/common/meshes/point.vert.ts" line-rate="1" branch-rate="1">
          <methods>
            <method name="(anonymous_0)" hits="110" signature="()V">
              <lines>
                <line number="1" hits="110"/>
              </lines>
            </method>
          </methods>
          <lines>
            <line number="1" hits="110" branch="false"/>
          </lines>
        </class>
        <class name="pointMesh.ts" filename="src/components/charts/common/meshes/pointMesh.ts" line-rate="1" branch-rate="0.9286">
          <methods>
            <method name="(anonymous_1)" hits="176" signature="()V">
              <lines>
                <line number="22" hits="176"/>
              </lines>
            </method>
            <method name="(anonymous_2)" hits="118" signature="()V">
              <lines>
                <line number="54" hits="118"/>
              </lines>
            </method>
            <method name="(anonymous_3)" hits="61" signature="()V">
              <lines>
                <line number="59" hits="61"/>
              </lines>
            </method>
            <method name="(anonymous_4)" hits="47" signature="()V">
              <lines>
                <line number="66" hits="47"/>
              </lines>
            </method>
            <method name="(anonymous_5)" hits="110" signature="()V">
              <lines>
                <line number="81" hits="110"/>
              </lines>
            </method>
            <method name="(anonymous_6)" hits="110" signature="()V">
              <lines>
                <line number="96" hits="110"/>
              </lines>
            </method>
            <method name="(anonymous_7)" hits="66" signature="()V">
              <lines>
                <line number="146" hits="66"/>
              </lines>
            </method>
          </methods>
          <lines>
            <line number="2" hits="10" branch="false"/>
            <line number="3" hits="10" branch="false"/>
            <line number="4" hits="10" branch="false"/>
            <line number="5" hits="10" branch="false"/>
            <line number="6" hits="10" branch="false"/>
            <line number="8" hits="10" branch="false"/>
            <line number="9" hits="10" branch="false"/>
            <line number="13" hits="10" branch="false"/>
            <line number="14" hits="10" branch="false"/>
            <line number="15" hits="10" branch="false"/>
            <line number="22" hits="10" branch="false"/>
            <line number="23" hits="176" branch="true" condition-coverage="100% (2/2)"/>
            <line number="24" hits="176" branch="true" condition-coverage="100% (2/2)"/>
            <line number="35" hits="10" branch="false"/>
            <line number="36" hits="10" branch="false"/>
            <line number="54" hits="10" branch="false"/>
            <line number="59" hits="118" branch="false"/>
            <line number="60" hits="118" branch="false"/>
            <line number="61" hits="118" branch="false"/>
            <line number="66" hits="118" branch="false"/>
            <line number="68" hits="47" branch="false"/>
            <line number="69" hits="47" branch="false"/>
            <line number="71" hits="47" branch="false"/>
            <line number="72" hits="47" branch="false"/>
            <line number="73" hits="47" branch="false"/>
            <line number="76" hits="118" branch="false"/>
            <line number="77" hits="118" branch="false"/>
            <line number="78" hits="118" branch="false"/>
            <line number="81" hits="10" branch="false"/>
            <line number="83" hits="110" branch="false"/>
            <line number="87" hits="110" branch="false"/>
            <line number="96" hits="10" branch="false"/>
            <line number="111" hits="110" branch="false"/>
            <line number="112" hits="110" branch="false"/>
            <line number="113" hits="110" branch="false"/>
            <line number="114" hits="110" branch="false"/>
            <line number="116" hits="110" branch="true" condition-coverage="0% (0/1)"/>
            <line number="118" hits="110" branch="false"/>
            <line number="134" hits="110" branch="false"/>
            <line number="136" hits="110" branch="false"/>
            <line number="137" hits="110" branch="false"/>
            <line number="146" hits="10" branch="false"/>
            <line number="159" hits="66" branch="false"/>
            <line number="160" hits="66" branch="false"/>
            <line number="162" hits="66" branch="true" condition-coverage="100% (2/2)"/>
            <line number="163" hits="8" branch="false"/>
          </lines>
        </class>
      </classes>
    </package>
    <package name="src.components.charts.common.tests" line-rate="0.0132" branch-rate="0">
      <classes>
        <class name="describeConnectedComponent.ts" filename="src/components/charts/common/tests/describeConnectedComponent.ts" line-rate="0" branch-rate="0">
          <methods>
            <method name="(anonymous_0)" hits="0" signature="()V">
              <lines>
                <line number="24" hits="0"/>
              </lines>
            </method>
            <method name="(anonymous_1)" hits="0" signature="()V">
              <lines>
                <line number="29" hits="0"/>
              </lines>
            </method>
          </methods>
          <lines>
            <line number="1" hits="0" branch="false"/>
            <line number="14" hits="0" branch="false"/>
            <line number="24" hits="0" branch="false"/>
            <line number="29" hits="0" branch="false"/>
            <line number="30" hits="0" branch="false"/>
          </lines>
        </class>
        <class name="describeStatus.ts" filename="src/components/charts/common/tests/describeStatus.ts" line-rate="0" branch-rate="0">
          <methods>
            <method name="(anonymous_0)" hits="0" signature="()V">
              <lines>
                <line number="5" hits="0"/>
              </lines>
            </method>
            <method name="(anonymous_1)" hits="0" signature="()V">
              <lines>
                <line number="10" hits="0"/>
              </lines>
            </method>
            <method name="(anonymous_2)" hits="0" signature="()V">
              <lines>
                <line number="12" hits="0"/>
              </lines>
            </method>
            <method name="(anonymous_3)" hits="0" signature="()V">
              <lines>
                <line number="13" hits="0"/>
              </lines>
            </method>
            <method name="(anonymous_4)" hits="0" signature="()V">
              <lines>
                <line number="26" hits="0"/>
              </lines>
            </method>
            <method name="(anonymous_5)" hits="0" signature="()V">
              <lines>
                <line number="42" hits="0"/>
              </lines>
            </method>
            <method name="(anonymous_6)" hits="0" signature="()V">
              <lines>
                <line number="43" hits="0"/>
              </lines>
            </method>
            <method name="(anonymous_7)" hits="0" signature="()V">
              <lines>
                <line number="44" hits="0"/>
              </lines>
            </method>
            <method name="(anonymous_8)" hits="0" signature="()V">
              <lines>
                <line number="58" hits="0"/>
              </lines>
            </method>
            <method name="(anonymous_9)" hits="0" signature="()V">
              <lines>
                <line number="72" hits="0"/>
              </lines>
            </method>
            <method name="(anonymous_10)" hits="0" signature="()V">
              <lines>
                <line number="86" hits="0"/>
              </lines>
            </method>
            <method name="(anonymous_11)" hits="0" signature="()V">
              <lines>
                <line number="101" hits="0"/>
              </lines>
            </method>
            <method name="(anonymous_12)" hits="0" signature="()V">
              <lines>
                <line number="102" hits="0"/>
              </lines>
            </method>
            <method name="(anonymous_13)" hits="0" signature="()V">
              <lines>
                <line number="117" hits="0"/>
              </lines>
            </method>
            <method name="(anonymous_14)" hits="0" signature="()V">
              <lines>
                <line number="132" hits="0"/>
              </lines>
            </method>
            <method name="(anonymous_15)" hits="0" signature="()V">
              <lines>
                <line number="147" hits="0"/>
              </lines>
            </method>
          </methods>
          <lines>
            <line number="2" hits="0" branch="false"/>
            <line number="3" hits="0" branch="false"/>
            <line number="5" hits="0" branch="false"/>
            <line number="10" hits="0" branch="false"/>
            <line number="11" hits="0" branch="true" condition-coverage="0% (0/2)"/>
            <line number="12" hits="0" branch="false"/>
            <line number="13" hits="0" branch="false"/>
            <line number="14" hits="0" branch="false"/>
            <line number="20" hits="0" branch="false"/>
            <line number="21" hits="0" branch="false"/>
            <line number="22" hits="0" branch="false"/>
            <line number="23" hits="0" branch="false"/>
            <line number="26" hits="0" branch="false"/>
            <line number="27" hits="0" branch="false"/>
            <line number="33" hits="0" branch="false"/>
            <line number="34" hits="0" branch="false"/>
            <line number="35" hits="0" branch="false"/>
            <line number="36" hits="0" branch="false"/>
            <line number="41" hits="0" branch="true" condition-coverage="0% (0/2)"/>
            <line number="42" hits="0" branch="false"/>
            <line number="43" hits="0" branch="false"/>
            <line number="44" hits="0" branch="false"/>
            <line number="45" hits="0" branch="false"/>
            <line number="52" hits="0" branch="false"/>
            <line number="53" hits="0" branch="false"/>
            <line number="54" hits="0" branch="false"/>
            <line number="55" hits="0" branch="false"/>
            <line number="58" hits="0" branch="false"/>
            <line number="59" hits="0" branch="false"/>
            <line number="66" hits="0" branch="false"/>
            <line number="67" hits="0" branch="false"/>
            <line number="68" hits="0" branch="false"/>
            <line number="69" hits="0" branch="false"/>
            <line number="72" hits="0" branch="false"/>
            <line number="73" hits="0" branch="false"/>
            <line number="80" hits="0" branch="false"/>
            <line number="81" hits="0" branch="false"/>
            <line number="82" hits="0" branch="false"/>
            <line number="83" hits="0" branch="false"/>
            <line number="86" hits="0" branch="false"/>
            <line number="87" hits="0" branch="false"/>
            <line number="94" hits="0" branch="false"/>
            <line number="95" hits="0" branch="false"/>
            <line number="96" hits="0" branch="false"/>
            <line number="97" hits="0" branch="false"/>
            <line number="101" hits="0" branch="false"/>
            <line number="102" hits="0" branch="false"/>
            <line number="103" hits="0" branch="false"/>
            <line number="111" hits="0" branch="false"/>
            <line number="112" hits="0" branch="false"/>
            <line number="113" hits="0" branch="false"/>
            <line number="114" hits="0" branch="false"/>
            <line number="117" hits="0" branch="false"/>
            <line number="118" hits="0" branch="false"/>
            <line number="126" hits="0" branch="false"/>
            <line number="127" hits="0" branch="false"/>
            <line number="128" hits="0" branch="false"/>
            <line number="129" hits="0" branch="false"/>
            <line number="132" hits="0" branch="false"/>
            <line number="133" hits="0" branch="false"/>
            <line number="141" hits="0" branch="false"/>
            <line number="142" hits="0" branch="false"/>
            <line number="143" hits="0" branch="false"/>
            <line number="144" hits="0" branch="false"/>
            <line number="147" hits="0" branch="false"/>
            <line number="148" hits="0" branch="false"/>
            <line number="156" hits="0" branch="false"/>
            <line number="157" hits="0" branch="false"/>
            <line number="158" hits="0" branch="false"/>
            <line number="159" hits="0" branch="false"/>
          </lines>
        </class>
        <class name="merge.ts" filename="src/components/charts/common/tests/merge.ts" line-rate="1" branch-rate="1">
          <methods>
            <method name="(anonymous_0)" hits="406" signature="()V">
              <lines>
                <line number="9" hits="406"/>
              </lines>
            </method>
          </methods>
          <lines>
            <line number="9" hits="406" branch="false"/>
          </lines>
        </class>
      </classes>
    </package>
    <package name="src.components.charts.common.tests.chart" line-rate="1" branch-rate="1">
      <classes>
        <class name="constants.ts" filename="src/components/charts/common/tests/chart/constants.ts" line-rate="1" branch-rate="1">
          <methods>
          </methods>
          <lines>
            <line number="2" hits="3" branch="false"/>
            <line number="4" hits="3" branch="false"/>
          </lines>
        </class>
      </classes>
    </package>
    <package name="src.components.charts.common.trends" line-rate="0.925" branch-rate="0.7143">
      <classes>
        <class name="renderTrendLines.ts" filename="src/components/charts/common/trends/renderTrendLines.ts" line-rate="0.9565" branch-rate="0.7143">
          <methods>
            <method name="(anonymous_0)" hits="7" signature="()V">
              <lines>
                <line number="8" hits="7"/>
              </lines>
            </method>
            <method name="(anonymous_1)" hits="117" signature="()V">
              <lines>
                <line number="25" hits="117"/>
              </lines>
            </method>
            <method name="(anonymous_2)" hits="9" signature="()V">
              <lines>
                <line number="34" hits="9"/>
              </lines>
            </method>
            <method name="(anonymous_3)" hits="9" signature="()V">
              <lines>
                <line number="35" hits="9"/>
              </lines>
            </method>
            <method name="(anonymous_4)" hits="7" signature="()V">
              <lines>
                <line number="65" hits="7"/>
              </lines>
            </method>
            <method name="(anonymous_5)" hits="7" signature="()V">
              <lines>
                <line number="69" hits="7"/>
              </lines>
            </method>
            <method name="(anonymous_6)" hits="0" signature="()V">
              <lines>
                <line number="72" hits="0"/>
              </lines>
            </method>
            <method name="(anonymous_7)" hits="0" signature="()V">
              <lines>
                <line number="72" hits="0"/>
              </lines>
            </method>
          </methods>
          <lines>
            <line number="1" hits="6" branch="false"/>
            <line number="2" hits="6" branch="false"/>
            <line number="4" hits="6" branch="false"/>
            <line number="6" hits="6" branch="false"/>
            <line number="8" hits="6" branch="false"/>
            <line number="18" hits="7" branch="false"/>
            <line number="19" hits="7" branch="false"/>
            <line number="22" hits="7" branch="false"/>
            <line number="25" hits="6" branch="false"/>
            <line number="32" hits="117" branch="false"/>
            <line number="34" hits="117" branch="false"/>
            <line number="35" hits="9" branch="false"/>
            <line number="36" hits="9" branch="true" condition-coverage="100% (2/2)"/>
            <line number="37" hits="7" branch="false"/>
            <line number="39" hits="7" branch="false"/>
            <line number="47" hits="7" branch="false"/>
            <line number="50" hits="0" branch="false"/>
            <line number="56" hits="117" branch="false"/>
            <line number="61" hits="117" branch="false"/>
            <line number="65" hits="7" branch="false"/>
            <line number="69" hits="7" branch="false"/>
            <line number="72" hits="117" branch="false"/>
            <line number="75" hits="117" branch="false"/>
          </lines>
        </class>
        <class name="trendAnalysis.ts" filename="src/components/charts/common/trends/trendAnalysis.ts" line-rate="0.9362" branch-rate="0.75">
          <methods>
            <method name="(anonymous_0)" hits="10" signature="()V">
              <lines>
                <line number="11" hits="10"/>
              </lines>
            </method>
            <method name="(anonymous_1)" hits="10" signature="()V">
              <lines>
                <line number="52" hits="10"/>
              </lines>
            </method>
            <method name="(anonymous_2)" hits="113" signature="()V">
              <lines>
                <line number="66" hits="113"/>
              </lines>
            </method>
            <method name="(anonymous_3)" hits="54" signature="()V">
              <lines>
                <line number="72" hits="54"/>
              </lines>
            </method>
            <method name="(anonymous_4)" hits="7" signature="()V">
              <lines>
                <line number="81" hits="7"/>
              </lines>
            </method>
            <method name="(anonymous_5)" hits="5" signature="()V">
              <lines>
                <line number="82" hits="5"/>
              </lines>
            </method>
            <method name="(anonymous_6)" hits="21" signature="()V">
              <lines>
                <line number="97" hits="21"/>
              </lines>
            </method>
          </methods>
          <lines>
            <line number="2" hits="10" branch="false"/>
            <line number="3" hits="10" branch="false"/>
            <line number="5" hits="10" branch="false"/>
            <line number="11" hits="10" branch="false"/>
            <line number="12" hits="10" branch="false"/>
            <line number="13" hits="10" branch="false"/>
            <line number="14" hits="10" branch="true" condition-coverage="100% (2/2)"/>
            <line number="15" hits="1" branch="false"/>
            <line number="18" hits="9" branch="false"/>
            <line number="20" hits="9" branch="false"/>
            <line number="21" hits="9" branch="false"/>
            <line number="22" hits="9" branch="false"/>
            <line number="23" hits="9" branch="false"/>
            <line number="25" hits="9" branch="false"/>
            <line number="26" hits="47" branch="false"/>
            <line number="27" hits="47" branch="false"/>
            <line number="28" hits="47" branch="false"/>
            <line number="29" hits="47" branch="false"/>
            <line number="30" hits="47" branch="false"/>
            <line number="31" hits="47" branch="false"/>
            <line number="34" hits="9" branch="false"/>
            <line number="35" hits="9" branch="false"/>
            <line number="36" hits="9" branch="true" condition-coverage="100% (2/2)"/>
            <line number="37" hits="9" branch="false"/>
            <line number="39" hits="9" branch="false"/>
            <line number="52" hits="10" branch="false"/>
            <line number="53" hits="10" branch="false"/>
            <line number="55" hits="10" branch="false"/>
            <line number="58" hits="0" branch="false"/>
            <line number="59" hits="0" branch="false"/>
            <line number="66" hits="10" branch="false"/>
            <line number="71" hits="113" branch="false"/>
            <line number="72" hits="113" branch="false"/>
            <line number="73" hits="54" branch="false"/>
            <line number="74" hits="54" branch="false"/>
            <line number="78" hits="54" branch="false"/>
            <line number="79" hits="54" branch="true" condition-coverage="100% (2/2)"/>
            <line number="80" hits="5" branch="false"/>
            <line number="81" hits="7" branch="false"/>
            <line number="83" hits="5" branch="false"/>
            <line number="84" hits="5" branch="true" condition-coverage="50% (1/2)"/>
            <line number="85" hits="5" branch="false"/>
            <line number="91" hits="113" branch="false"/>
            <line number="97" hits="10" branch="false"/>
            <line number="98" hits="21" branch="false"/>
            <line number="100" hits="21" branch="false"/>
            <line number="104" hits="0" branch="false"/>
          </lines>
        </class>
        <class name="trendConfig.ts" filename="src/components/charts/common/trends/trendConfig.ts" line-rate="0.8" branch-rate="0.5">
          <methods>
            <method name="(anonymous_0)" hits="6" signature="()V">
              <lines>
                <line number="6" hits="6"/>
              </lines>
            </method>
          </methods>
          <lines>
            <line number="1" hits="9" branch="false"/>
            <line number="3" hits="9" branch="false"/>
            <line number="4" hits="9" branch="false"/>
            <line number="6" hits="9" branch="false"/>
            <line number="8" hits="6" branch="false"/>
            <line number="10" hits="6" branch="false"/>
            <line number="11" hits="6" branch="false"/>
            <line number="14" hits="0" branch="false"/>
            <line number="15" hits="0" branch="false"/>
            <line number="17" hits="6" branch="false"/>
          </lines>
        </class>
      </classes>
    </package>
    <package name="src.components.charts.sc-bar-chart" line-rate="0.99" branch-rate="1">
      <classes>
        <class name="bar.frag.ts" filename="src/components/charts/sc-bar-chart/bar.frag.ts" line-rate="1" branch-rate="1">
          <methods>
          </methods>
          <lines>
            <line number="1" hits="6" branch="false"/>
          </lines>
        </class>
        <class name="bar.vert.ts" filename="src/components/charts/sc-bar-chart/bar.vert.ts" line-rate="1" branch-rate="1">
          <methods>
          </methods>
          <lines>
            <line number="2" hits="6" branch="false"/>
          </lines>
        </class>
        <class name="barMesh.ts" filename="src/components/charts/sc-bar-chart/barMesh.ts" line-rate="1" branch-rate="1">
          <methods>
            <method name="(anonymous_1)" hits="64" signature="()V">
              <lines>
                <line number="43" hits="64"/>
              </lines>
            </method>
            <method name="(anonymous_2)" hits="52" signature="()V">
              <lines>
                <line number="44" hits="52"/>
              </lines>
            </method>
            <method name="(anonymous_3)" hits="137" signature="()V">
              <lines>
                <line number="47" hits="137"/>
              </lines>
            </method>
            <method name="(anonymous_4)" hits="64" signature="()V">
              <lines>
                <line number="63" hits="64"/>
              </lines>
            </method>
            <method name="(anonymous_5)" hits="52" signature="()V">
              <lines>
                <line number="76" hits="52"/>
              </lines>
            </method>
            <method name="(anonymous_6)" hits="52" signature="()V">
[...]
          <methods>
            <method name="(anonymous_0)" hits="823" signature="()V">
              <lines>
                <line number="6" hits="823"/>
              </lines>
            </method>
          </methods>
          <lines>
            <line number="6" hits="39" branch="false"/>
            <line number="7" hits="823" branch="true" condition-coverage="100% (2/2)"/>
            <line number="8" hits="729" branch="false"/>
            <line number="11" hits="94" branch="true" condition-coverage="100% (2/2)"/>
            <line number="12" hits="4" branch="false"/>
            <line number="15" hits="90" branch="true" condition-coverage="100% (2/2)"/>
          </lines>
        </class>
        <class name="intervalStructure.ts" filename="src/utils/intervalStructure.ts" line-rate="1" branch-rate="1">
          <methods>
            <method name="(anonymous_0)" hits="39" signature="()V">
              <lines>
                <line number="20" hits="39"/>
              </lines>
            </method>
            <method name="(anonymous_1)" hits="11" signature="()V">
              <lines>
                <line number="21" hits="11"/>
              </lines>
            </method>
            <method name="(anonymous_2)" hits="35" signature="()V">
              <lines>
                <line number="24" hits="35"/>
              </lines>
            </method>
            <method name="(anonymous_3)" hits="24" signature="()V">
              <lines>
                <line number="26" hits="24"/>
              </lines>
            </method>
            <method name="(anonymous_4)" hits="25" signature="()V">
              <lines>
                <line number="27" hits="25"/>
              </lines>
            </method>
            <method name="(anonymous_5)" hits="7" signature="()V">
              <lines>
                <line number="29" hits="7"/>
              </lines>
            </method>
            <method name="(anonymous_6)" hits="7" signature="()V">
              <lines>
                <line number="30" hits="7"/>
              </lines>
            </method>
            <method name="(anonymous_7)" hits="5" signature="()V">
              <lines>
                <line number="32" hits="5"/>
              </lines>
            </method>
            <method name="(anonymous_8)" hits="10" signature="()V">
              <lines>
                <line number="39" hits="10"/>
              </lines>
            </method>
            <method name="(anonymous_9)" hits="10" signature="()V">
              <lines>
                <line number="40" hits="10"/>
              </lines>
            </method>
            <method name="(anonymous_10)" hits="7" signature="()V">
              <lines>
                <line number="43" hits="7"/>
              </lines>
            </method>
            <method name="(anonymous_11)" hits="27" signature="()V">
              <lines>
                <line number="56" hits="27"/>
              </lines>
            </method>
            <method name="(anonymous_12)" hits="20" signature="()V">
              <lines>
                <line number="78" hits="20"/>
              </lines>
            </method>
            <method name="(anonymous_13)" hits="20" signature="()V">
              <lines>
                <line number="79" hits="20"/>
              </lines>
            </method>
            <method name="(anonymous_14)" hits="13" signature="()V">
              <lines>
                <line number="86" hits="13"/>
              </lines>
            </method>
            <method name="(anonymous_15)" hits="11" signature="()V">
              <lines>
                <line number="89" hits="11"/>
              </lines>
            </method>
            <method name="(anonymous_16)" hits="11" signature="()V">
              <lines>
                <line number="92" hits="11"/>
              </lines>
            </method>
            <method name="(anonymous_17)" hits="16" signature="()V">
              <lines>
                <line number="99" hits="16"/>
              </lines>
            </method>
            <method name="(anonymous_18)" hits="16" signature="()V">
              <lines>
                <line number="103" hits="16"/>
              </lines>
            </method>
            <method name="(anonymous_19)" hits="15" signature="()V">
              <lines>
                <line number="107" hits="15"/>
              </lines>
            </method>
            <method name="(anonymous_20)" hits="15" signature="()V">
              <lines>
                <line number="114" hits="15"/>
              </lines>
            </method>
            <method name="(anonymous_21)" hits="10" signature="()V">
              <lines>
                <line number="121" hits="10"/>
              </lines>
            </method>
          </methods>
          <lines>
            <line number="1" hits="1" branch="false"/>
            <line number="20" hits="39" branch="false"/>
            <line number="21" hits="11" branch="false"/>
            <line number="24" hits="35" branch="false"/>
            <line number="26" hits="24" branch="false"/>
            <line number="27" hits="25" branch="true" condition-coverage="100% (2/2)"/>
            <line number="29" hits="1" branch="false"/>
            <line number="30" hits="7" branch="true" condition-coverage="100% (2/2)"/>
            <line number="32" hits="1" branch="false"/>
            <line number="33" hits="5" branch="false"/>
            <line number="36" hits="5" branch="false"/>
            <line number="39" hits="1" branch="false"/>
            <line number="40" hits="10" branch="false"/>
            <line number="41" hits="10" branch="false"/>
            <line number="42" hits="10" branch="false"/>
            <line number="43" hits="7" branch="false"/>
            <line number="56" hits="1" branch="false"/>
            <line number="58" hits="27" branch="true" condition-coverage="100% (2/2)"/>
            <line number="59" hits="2" branch="false"/>
            <line number="61" hits="25" branch="true" condition-coverage="100% (2/2)"/>
            <line number="62" hits="1" branch="false"/>
            <line number="65" hits="24" branch="true" condition-coverage="100% (2/2)"/>
            <line number="66" hits="2" branch="false"/>
            <line number="68" hits="22" branch="true" condition-coverage="100% (2/2)"/>
            <line number="69" hits="3" branch="false"/>
            <line number="72" hits="19" branch="true" condition-coverage="100% (4/4)"/>
            <line number="74" hits="6" branch="false"/>
            <line number="76" hits="13" branch="true" condition-coverage="100% (4/4)"/>
            <line number="78" hits="20" branch="false"/>
            <line number="79" hits="20" branch="false"/>
            <line number="80" hits="5" branch="false"/>
            <line number="84" hits="8" branch="true" condition-coverage="100% (2/2)"/>
            <line number="86" hits="13" branch="false"/>
            <line number="89" hits="11" branch="false"/>
            <line number="92" hits="1" branch="false"/>
            <line number="98" hits="11" branch="false"/>
            <line number="99" hits="16" branch="false"/>
            <line number="103" hits="16" branch="false"/>
            <line number="106" hits="11" branch="false"/>
            <line number="108" hits="15" branch="false"/>
            <line number="113" hits="11" branch="false"/>
            <line number="115" hits="15" branch="false"/>
            <line number="120" hits="11" branch="false"/>
            <line number="121" hits="10" branch="true" condition-coverage="100% (2/2)"/>
            <line number="123" hits="11" branch="true" condition-coverage="100% (2/2)"/>
            <line number="126" hits="11" branch="false"/>
            <line number="127" hits="11" branch="false"/>
            <line number="128" hits="11" branch="false"/>
            <line number="129" hits="11" branch="false"/>
            <line number="130" hits="11" branch="false"/>
          </lines>
        </class>
        <class name="number.ts" filename="src/utils/number.ts" line-rate="1" branch-rate="1">
          <methods>
            <method name="(anonymous_0)" hits="114" signature="()V">
              <lines>
                <line number="12" hits="114"/>
              </lines>
            </method>
            <method name="(anonymous_1)" hits="1461" signature="()V">
              <lines>
                <line number="29" hits="1461"/>
              </lines>
            </method>
          </methods>
          <lines>
            <line number="3" hits="35" branch="false"/>
            <line number="12" hits="35" branch="false"/>
            <line number="13" hits="114" branch="true" condition-coverage="100% (5/5)"/>
            <line number="14" hits="3" branch="false"/>
            <line number="17" hits="111" branch="true" condition-coverage="100% (2/2)"/>
            <line number="18" hits="8" branch="false"/>
            <line number="21" hits="103" branch="false"/>
            <line number="22" hits="103" branch="false"/>
            <line number="23" hits="103" branch="false"/>
            <line number="29" hits="35" branch="false"/>
            <line number="30" hits="1461" branch="false"/>
          </lines>
        </class>
        <class name="predicates.ts" filename="src/utils/predicates.ts" line-rate="1" branch-rate="1">
          <methods>
            <method name="(anonymous_0)" hits="276" signature="()V">
              <lines>
                <line number="31" hits="276"/>
              </lines>
            </method>
            <method name="(anonymous_1)" hits="35" signature="()V">
              <lines>
                <line number="33" hits="35"/>
              </lines>
            </method>
            <method name="(anonymous_2)" hits="68" signature="()V">
              <lines>
                <line number="33" hits="68"/>
              </lines>
            </method>
            <method name="(anonymous_3)" hits="69" signature="()V">
              <lines>
                <line number="36" hits="69"/>
              </lines>
            </method>
            <method name="(anonymous_4)" hits="86" signature="()V">
              <lines>
                <line number="36" hits="86"/>
              </lines>
            </method>
            <method name="(anonymous_5)" hits="268" signature="()V">
              <lines>
                <line number="39" hits="268"/>
              </lines>
            </method>
            <method name="(anonymous_6)" hits="62" signature="()V">
              <lines>
                <line number="42" hits="62"/>
              </lines>
            </method>
          </methods>
          <lines>
            <line number="29" hits="34" branch="false"/>
            <line number="31" hits="276" branch="false"/>
            <line number="33" hits="68" branch="false"/>
            <line number="36" hits="69" branch="false"/>
            <line number="37" hits="86" branch="true" condition-coverage="100% (3/3)"/>
            <line number="39" hits="34" branch="false"/>
            <line number="40" hits="268" branch="false"/>
            <line number="42" hits="62" branch="false"/>
          </lines>
        </class>
        <class name="streamPairs.ts" filename="src/utils/streamPairs.ts" line-rate="1" branch-rate="0.8889">
          <methods>
            <method name="(anonymous_0)" hits="58" signature="()V">
              <lines>
                <line number="10" hits="58"/>
              </lines>
            </method>
            <method name="(anonymous_1)" hits="82" signature="()V">
              <lines>
                <line number="11" hits="82"/>
              </lines>
            </method>
            <method name="(anonymous_2)" hits="82" signature="()V">
              <lines>
                <line number="12" hits="82"/>
              </lines>
            </method>
            <method name="(anonymous_3)" hits="16" signature="()V">
              <lines>
                <line number="15" hits="16"/>
              </lines>
            </method>
            <method name="(anonymous_4)" hits="17" signature="()V">
              <lines>
                <line number="16" hits="17"/>
              </lines>
            </method>
            <method name="(anonymous_5)" hits="8" signature="()V">
              <lines>
                <line number="16" hits="8"/>
              </lines>
            </method>
            <method name="(anonymous_6)" hits="74" signature="()V">
              <lines>
                <line number="20" hits="74"/>
              </lines>
            </method>
            <method name="(anonymous_7)" hits="82" signature="()V">
              <lines>
                <line number="23" hits="82"/>
              </lines>
            </method>
            <method name="(anonymous_8)" hits="51" signature="()V">
              <lines>
                <line number="33" hits="51"/>
              </lines>
            </method>
            <method name="(anonymous_9)" hits="65" signature="()V">
              <lines>
                <line number="36" hits="65"/>
              </lines>
            </method>
            <method name="(anonymous_10)" hits="5" signature="()V">
              <lines>
                <line number="43" hits="5"/>
              </lines>
            </method>
            <method name="(anonymous_11)" hits="8" signature="()V">
              <lines>
                <line number="51" hits="8"/>
              </lines>
            </method>
            <method name="(anonymous_12)" hits="11" signature="()V">
              <lines>
                <line number="51" hits="11"/>
              </lines>
            </method>
            <method name="(anonymous_13)" hits="5" signature="()V">
              <lines>
                <line number="53" hits="5"/>
              </lines>
            </method>
          </methods>
          <lines>
            <line number="1" hits="4" branch="false"/>
            <line number="3" hits="4" branch="false"/>
            <line number="10" hits="4" branch="false"/>
            <line number="11" hits="82" branch="false"/>
            <line number="12" hits="82" branch="false"/>
            <line number="15" hits="58" branch="false"/>
            <line number="16" hits="17" branch="true" condition-coverage="100% (1/1)"/>
            <line number="18" hits="58" branch="false"/>
            <line number="20" hits="74" branch="false"/>
            <line number="23" hits="82" branch="false"/>
            <line number="33" hits="4" branch="false"/>
            <line number="34" hits="51" branch="false"/>
            <line number="35" hits="51" branch="false"/>
            <line number="37" hits="65" branch="true" condition-coverage="100% (2/2)"/>
            <line number="39" hits="6" branch="false"/>
            <line number="43" hits="59" branch="true" condition-coverage="100% (2/2)"/>
            <line number="44" hits="59" branch="true" condition-coverage="100% (2/2)"/>
            <line number="46" hits="54" branch="false"/>
            <line number="50" hits="5" branch="true" condition-coverage="50% (1/2)"/>
            <line number="51" hits="11" branch="false"/>
            <line number="53" hits="5" branch="false"/>
          </lines>
        </class>
        <class name="time.ts" filename="src/utils/time.ts" line-rate="0.9473999999999999" branch-rate="0.8889">
          <methods>
            <method name="(anonymous_0)" hits="40" signature="()V">
              <lines>
                <line number="37" hits="40"/>
              </lines>
            </method>
            <method name="(anonymous_1)" hits="39" signature="()V">
              <lines>
                <line number="65" hits="39"/>
              </lines>
            </method>
          </methods>
          <lines>
            <line number="1" hits="45" branch="false"/>
            <line number="2" hits="45" branch="false"/>
            <line number="3" hits="45" branch="false"/>
            <line number="4" hits="45" branch="false"/>
            <line number="6" hits="45" branch="false"/>
            <line number="7" hits="45" branch="false"/>
            <line number="10" hits="45" branch="false"/>
            <line number="11" hits="45" branch="false"/>
            <line number="37" hits="45" branch="false"/>
            <line number="45" hits="40" branch="true" condition-coverage="100% (2/2)"/>
            <line number="46" hits="1" branch="false"/>
            <line number="48" hits="39" branch="false"/>
            <line number="49" hits="39" branch="false"/>
            <line number="50" hits="39" branch="false"/>
            <line number="51" hits="39" branch="false"/>
            <line number="53" hits="39" branch="false"/>
            <line number="54" hits="39" branch="false"/>
            <line number="55" hits="39" branch="false"/>
            <line number="57" hits="39" branch="false"/>
            <line number="65" hits="45" branch="false"/>
            <line number="66" hits="39" branch="false"/>
            <line number="67" hits="39" branch="true" condition-coverage="100% (2/2)"/>
            <line number="68" hits="35" branch="true" condition-coverage="100% (2/2)"/>
            <line number="69" hits="2" branch="false"/>
            <line number="75" hits="33" branch="true" condition-coverage="100% (2/2)"/>
            <line number="76" hits="1" branch="false"/>
            <line number="84" hits="32" branch="true" condition-coverage="100% (2/2)"/>
            <line number="85" hits="1" branch="false"/>
            <line number="92" hits="31" branch="true" condition-coverage="100% (2/2)"/>
            <line number="93" hits="1" branch="false"/>
            <line number="102" hits="30" branch="true" condition-coverage="50% (1/2)"/>
            <line number="103" hits="0" branch="false"/>
            <line number="112" hits="30" branch="false"/>
            <line number="119" hits="4" branch="true" condition-coverage="100% (2/2)"/>
            <line number="120" hits="1" branch="false"/>
            <line number="128" hits="3" branch="true" condition-coverage="50% (1/2)"/>
            <line number="129" hits="0" branch="false"/>
            <line number="135" hits="3" branch="false"/>
          </lines>
        </class>
        <class name="viewPort.ts" filename="src/utils/viewPort.ts" line-rate="1" branch-rate="1">
          <methods>
            <method name="(anonymous_0)" hits="66" signature="()V">
              <lines>
                <line number="3" hits="66"/>
              </lines>
            </method>
            <method name="(anonymous_1)" hits="66" signature="()V">
              <lines>
                <line number="17" hits="66"/>
              </lines>
            </method>
          </methods>
          <lines>
            <line number="3" hits="5" branch="false"/>
            <line number="4" hits="66" branch="true" condition-coverage="100% (2/2)"/>
            <line number="5" hits="62" branch="false"/>
            <line number="7" hits="4" branch="true" condition-coverage="100% (4/4)"/>
            <line number="8" hits="2" branch="false"/>
            <line number="10" hits="2" branch="true" condition-coverage="100% (2/2)"/>
            <line number="11" hits="1" branch="false"/>
            <line number="14" hits="1" branch="false"/>
            <line number="17" hits="5" branch="false"/>
            <line number="18" hits="66" branch="true" condition-coverage="100% (2/2)"/>
            <line number="19" hits="62" branch="false"/>
            <line number="21" hits="4" branch="true" condition-coverage="100% (4/4)"/>
            <line number="22" hits="2" branch="false"/>
            <line number="25" hits="2" branch="false"/>
          </lines>
        </class>
      </classes>
    </package>
  </packages>
</coverage>
