{"total": {"lines":{"total":2606,"covered":2321,"skipped":0,"pct":89.06},"statements":{"total":2721,"covered":2433,"skipped":0,"pct":89.42},"functions":{"total":580,"covered":501,"skipped":0,"pct":86.38},"branches":{"total":1333,"covered":1128,"skipped":0,"pct":84.62}}
,"/Users/diehbria/aws-synchro-charts/packages/synchro-charts/src/components.d.ts": {"lines":{"total":0,"covered":0,"skipped":0,"pct":0},"functions":{"total":0,"covered":0,"skipped":0,"pct":0},"statements":{"total":0,"covered":0,"skipped":0,"pct":0},"branches":{"total":0,"covered":0,"skipped":0,"pct":0}}
,"/Users/diehbria/aws-synchro-charts/packages/synchro-charts/src/constants.ts": {"lines":{"total":3,"covered":3,"skipped":0,"pct":100},"functions":{"total":0,"covered":0,"skipped":0,"pct":100},"statements":{"total":3,"covered":3,"skipped":0,"pct":100},"branches":{"total":0,"covered":0,"skipped":0,"pct":100}}
,"/Users/diehbria/aws-synchro-charts/packages/synchro-charts/src/global.d.ts": {"lines":{"total":0,"covered":0,"skipped":0,"pct":0},"functions":{"total":0,"covered":0,"skipped":0,"pct":0},"statements":{"total":0,"covered":0,"skipped":0,"pct":0},"branches":{"total":0,"covered":0,"skipped":0,"pct":0}}
,"/Users/diehbria/aws-synchro-charts/packages/synchro-charts/src/index.ts": {"lines":{"total":3,"covered":3,"skipped":0,"pct":100},"functions":{"total":0,"covered":0,"skipped":0,"pct":100},"statements":{"total":3,"covered":3,"skipped":0,"pct":100},"branches":{"total":0,"covered":0,"skipped":0,"pct":100}}
,"/Users/diehbria/aws-synchro-charts/packages/synchro-charts/src/interface.d.ts": {"lines":{"total":0,"covered":0,"skipped":0,"pct":0},"functions":{"total":0,"covered":0,"skipped":0,"pct":0},"statements":{"total":0,"covered":0,"skipped":0,"pct":0},"branches":{"total":0,"covered":0,"skipped":0,"pct":0}}
,"/Users/diehbria/aws-synchro-charts/packages/synchro-charts/src/models.d.ts": {"lines":{"total":0,"covered":0,"skipped":0,"pct":0},"functions":{"total":0,"covered":0,"skipped":0,"pct":0},"statements":{"total":0,"covered":0,"skipped":0,"pct":0},"branches":{"total":0,"covered":0,"skipped":0,"pct":0}}
,"/Users/diehbria/aws-synchro-charts/packages/synchro-charts/src/components/charts/common.ts": {"lines":{"total":3,"covered":3,"skipped":0,"pct":100},"functions":{"total":0,"covered":0,"skipped":0,"pct":100},"statements":{"total":3,"covered":3,"skipped":0,"pct":100},"branches":{"total":0,"covered":0,"skipped":0,"pct":100}}
,"/Users/diehbria/aws-synchro-charts/packages/synchro-charts/src/components/charts/chart-icon/sc-chart-icon.tsx": {"lines":{"total":6,"covered":6,"skipped":0,"pct":100},"functions":{"total":2,"covered":2,"skipped":0,"pct":100},"statements":{"total":6,"covered":6,"skipped":0,"pct":100},"branches":{"total":0,"covered":0,"skipped":0,"pct":100}}
,"/Users/diehbria/aws-synchro-charts/packages/synchro-charts/src/components/charts/common/constants.ts": {"lines":{"total":26,"covered":26,"skipped":0,"pct":100},"functions":{"total":5,"covered":5,"skipped":0,"pct":100},"statements":{"total":26,"covered":26,"skipped":0,"pct":100},"branches":{"total":10,"covered":10,"skipped":0,"pct":100}}
,"/Users/diehbria/aws-synchro-charts/packages/synchro-charts/src/components/charts/common/dataFilters.ts": {"lines":{"total":21,"covered":21,"skipped":0,"pct":100},"functions":{"total":3,"covered":3,"skipped":0,"pct":100},"statements":{"total":22,"covered":22,"skipped":0,"pct":100},"branches":{"total":19,"covered":19,"skipped":0,"pct":100}}
,"/Users/diehbria/aws-synchro-charts/packages/synchro-charts/src/components/charts/common/determineResolution.ts": {"lines":{"total":13,"covered":12,"skipped":0,"pct":92.31},"functions":{"total":3,"covered":3,"skipped":0,"pct":100},"statements":{"total":15,"covered":14,"skipped":0,"pct":93.33},"branches":{"total":12,"covered":11,"skipped":0,"pct":91.67}}
,"/Users/diehbria/aws-synchro-charts/packages/synchro-charts/src/components/charts/common/getDistanceFromDuration.ts": {"lines":{"total":2,"covered":2,"skipped":0,"pct":100},"functions":{"total":1,"covered":1,"skipped":0,"pct":100},"statements":{"total":2,"covered":2,"skipped":0,"pct":100},"branches":{"total":0,"covered":0,"skipped":0,"pct":100}}
,"/Users/diehbria/aws-synchro-charts/packages/synchro-charts/src/components/charts/common/getYRange.ts": {"lines":{"total":53,"covered":53,"skipped":0,"pct":100},"functions":{"total":14,"covered":14,"skipped":0,"pct":100},"statements":{"total":56,"covered":56,"skipped":0,"pct":100},"branches":{"total":32,"covered":32,"skipped":0,"pct":100}}
,"/Users/diehbria/aws-synchro-charts/packages/synchro-charts/src/components/charts/common/palettes.ts": {"lines":{"total":13,"covered":0,"skipped":0,"pct":0},"functions":{"total":2,"covered":0,"skipped":0,"pct":0},"statements":{"total":13,"covered":0,"skipped":0,"pct":0},"branches":{"total":4,"covered":0,"skipped":0,"pct":0}}
,"/Users/diehbria/aws-synchro-charts/packages/synchro-charts/src/components/charts/common/pixelDensity.ts": {"lines":{"total":5,"covered":5,"skipped":0,"pct":100},"functions":{"total":1,"covered":1,"skipped":0,"pct":100},"statements":{"total":5,"covered":5,"skipped":0,"pct":100},"branches":{"total":0,"covered":0,"skipped":0,"pct":100}}
,"/Users/diehbria/aws-synchro-charts/packages/synchro-charts/src/components/charts/common/testUtil.ts": {"lines":{"total":5,"covered":5,"skipped":0,"pct":100},"functions":{"total":0,"covered":0,"skipped":0,"pct":100},"statements":{"total":5,"covered":5,"skipped":0,"pct":100},"branches":{"total":0,"covered":0,"skipped":0,"pct":100}}
,"/Users/diehbria/aws-synchro-charts/packages/synchro-charts/src/components/charts/common/annotations/breachedThreshold.ts": {"lines":{"total":37,"covered":36,"skipped":0,"pct":97.3},"functions":{"total":11,"covered":11,"skipped":0,"pct":100},"statements":{"total":41,"covered":40,"skipped":0,"pct":97.56},"branches":{"total":20,"covered":18,"skipped":0,"pct":90}}
,"/Users/diehbria/aws-synchro-charts/packages/synchro-charts/src/components/charts/common/annotations/constants.ts": {"lines":{"total":2,"covered":2,"skipped":0,"pct":100},"functions":{"total":0,"covered":0,"skipped":0,"pct":100},"statements":{"total":2,"covered":2,"skipped":0,"pct":100},"branches":{"total":0,"covered":0,"skipped":0,"pct":100}}
,"/Users/diehbria/aws-synchro-charts/packages/synchro-charts/src/components/charts/common/annotations/iconUtils.tsx": {"lines":{"total":15,"covered":15,"skipped":0,"pct":100},"functions":{"total":8,"covered":8,"skipped":0,"pct":100},"statements":{"total":15,"covered":15,"skipped":0,"pct":100},"branches":{"total":27,"covered":20,"skipped":0,"pct":74.07}}
,"/Users/diehbria/aws-synchro-charts/packages/synchro-charts/src/components/charts/common/annotations/renderAnnotations.ts": {"lines":{"total":22,"covered":22,"skipped":0,"pct":100},"functions":{"total":3,"covered":3,"skipped":0,"pct":100},"statements":{"total":22,"covered":22,"skipped":0,"pct":100},"branches":{"total":15,"covered":15,"skipped":0,"pct":100}}
,"/Users/diehbria/aws-synchro-charts/packages/synchro-charts/src/components/charts/common/annotations/thresholdBands.ts": {"lines":{"total":62,"covered":61,"skipped":0,"pct":98.39},"functions":{"total":2,"covered":2,"skipped":0,"pct":100},"statements":{"total":62,"covered":61,"skipped":0,"pct":98.39},"branches":{"total":28,"covered":26,"skipped":0,"pct":92.86}}
,"/Users/diehbria/aws-synchro-charts/packages/synchro-charts/src/components/charts/common/annotations/utils.ts": {"lines":{"total":99,"covered":93,"skipped":0,"pct":93.94},"functions":{"total":17,"covered":17,"skipped":0,"pct":100},"statements":{"total":106,"covered":100,"skipped":0,"pct":94.34},"branches":{"total":111,"covered":104,"skipped":0,"pct":93.69}}
,"/Users/diehbria/aws-synchro-charts/packages/synchro-charts/src/components/charts/common/annotations/XAnnotations/XAnnotationLines.ts": {"lines":{"total":16,"covered":16,"skipped":0,"pct":100},"functions":{"total":6,"covered":6,"skipped":0,"pct":100},"statements":{"total":16,"covered":16,"skipped":0,"pct":100},"branches":{"total":0,"covered":0,"skipped":0,"pct":100}}
,"/Users/diehbria/aws-synchro-charts/packages/synchro-charts/src/components/charts/common/annotations/XAnnotations/XAnnotationTexts.ts": {"lines":{"total":17,"covered":17,"skipped":0,"pct":100},"functions":{"total":6,"covered":6,"skipped":0,"pct":100},"statements":{"total":18,"covered":18,"skipped":0,"pct":100},"branches":{"total":0,"covered":0,"skipped":0,"pct":100}}
,"/Users/diehbria/aws-synchro-charts/packages/synchro-charts/src/components/charts/common/annotations/XAnnotations/utils.ts": {"lines":{"total":3,"covered":3,"skipped":0,"pct":100},"functions":{"total":1,"covered":1,"skipped":0,"pct":100},"statements":{"total":3,"covered":3,"skipped":0,"pct":100},"branches":{"total":0,"covered":0,"skipped":0,"pct":100}}
,"/Users/diehbria/aws-synchro-charts/packages/synchro-charts/src/components/charts/common/annotations/YAnnotations/YAnnotationLines.ts": {"lines":{"total":14,"covered":14,"skipped":0,"pct":100},"functions":{"total":3,"covered":3,"skipped":0,"pct":100},"statements":{"total":14,"covered":14,"skipped":0,"pct":100},"branches":{"total":0,"covered":0,"skipped":0,"pct":100}}
,"/Users/diehbria/aws-synchro-charts/packages/synchro-charts/src/components/charts/common/annotations/YAnnotations/YAnnotationTexts.ts": {"lines":{"total":29,"covered":28,"skipped":0,"pct":96.55},"functions":{"total":9,"covered":8,"skipped":0,"pct":88.89},"statements":{"total":31,"covered":30,"skipped":0,"pct":96.77},"branches":{"total":0,"covered":0,"skipped":0,"pct":100}}
,"/Users/diehbria/aws-synchro-charts/packages/synchro-charts/src/components/charts/common/annotations/YAnnotations/utils.ts": {"lines":{"total":3,"covered":3,"skipped":0,"pct":100},"functions":{"total":1,"covered":1,"skipped":0,"pct":100},"statements":{"total":3,"covered":3,"skipped":0,"pct":100},"branches":{"total":0,"covered":0,"skipped":0,"pct":100}}
,"/Users/diehbria/aws-synchro-charts/packages/synchro-charts/src/components/charts/common/meshes/point-coloration.frag.ts": {"lines":{"total":2,"covered":2,"skipped":0,"pct":100},"functions":{"total":0,"covered":0,"skipped":0,"pct":100},"statements":{"total":2,"covered":2,"skipped":0,"pct":100},"branches":{"total":0,"covered":0,"skipped":0,"pct":100}}
,"/Users/diehbria/aws-synchro-charts/packages/synchro-charts/src/components/charts/common/meshes/point.frag.ts": {"lines":{"total":1,"covered":1,"skipped":0,"pct":100},"functions":{"total":0,"covered":0,"skipped":0,"pct":100},"statements":{"total":1,"covered":1,"skipped":0,"pct":100},"branches":{"total":0,"covered":0,"skipped":0,"pct":100}}
,"/Users/diehbria/aws-synchro-charts/packages/synchro-charts/src/components/charts/common/meshes/point.vert.ts": {"lines":{"total":1,"covered":1,"skipped":0,"pct":100},"functions":{"total":1,"covered":1,"skipped":0,"pct":100},"statements":{"total":2,"covered":2,"skipped":0,"pct":100},"branches":{"total":4,"covered":4,"skipped":0,"pct":100}}
,"/Users/diehbria/aws-synchro-charts/packages/synchro-charts/src/components/charts/common/meshes/pointMesh.ts": {"lines":{"total":46,"covered":46,"skipped":0,"pct":100},"functions":{"total":7,"covered":7,"skipped":0,"pct":100},"statements":{"total":47,"covered":47,"skipped":0,"pct":100},"branches":{"total":14,"covered":13,"skipped":0,"pct":92.86}}
,"/Users/diehbria/aws-synchro-charts/packages/synchro-charts/src/components/charts/common/tests/describeConnectedComponent.ts": {"lines":{"total":5,"covered":0,"skipped":0,"pct":0},"functions":{"total":2,"covered":0,"skipped":0,"pct":0},"statements":{"total":5,"covered":0,"skipped":0,"pct":0},"branches":{"total":1,"covered":0,"skipped":0,"pct":0}}
,"/Users/diehbria/aws-synchro-charts/packages/synchro-charts/src/components/charts/common/tests/describeStatus.ts": {"lines":{"total":70,"covered":0,"skipped":0,"pct":0},"functions":{"total":16,"covered":0,"skipped":0,"pct":0},"statements":{"total":70,"covered":0,"skipped":0,"pct":0},"branches":{"total":5,"covered":0,"skipped":0,"pct":0}}
,"/Users/diehbria/aws-synchro-charts/packages/synchro-charts/src/components/charts/common/tests/merge.ts": {"lines":{"total":1,"covered":1,"skipped":0,"pct":100},"functions":{"total":1,"covered":1,"skipped":0,"pct":100},"statements":{"total":2,"covered":2,"skipped":0,"pct":100},"branches":{"total":0,"covered":0,"skipped":0,"pct":100}}
,"/Users/diehbria/aws-synchro-charts/packages/synchro-charts/src/components/charts/common/tests/chart/constants.ts": {"lines":{"total":2,"covered":2,"skipped":0,"pct":100},"functions":{"total":0,"covered":0,"skipped":0,"pct":100},"statements":{"total":2,"covered":2,"skipped":0,"pct":100},"branches":{"total":0,"covered":0,"skipped":0,"pct":100}}
,"/Users/diehbria/aws-synchro-charts/packages/synchro-charts/src/components/charts/common/trends/renderTrendLines.ts": {"lines":{"total":23,"covered":22,"skipped":0,"pct":95.65},"functions":{"total":8,"covered":6,"skipped":0,"pct":75},"statements":{"total":26,"covered":23,"skipped":0,"pct":88.46},"branches":{"total":7,"covered":5,"skipped":0,"pct":71.43}}
,"/Users/diehbria/aws-synchro-charts/packages/synchro-charts/src/components/charts/common/trends/trendAnalysis.ts": {"lines":{"total":47,"covered":44,"skipped":0,"pct":93.62},"functions":{"total":7,"covered":7,"skipped":0,"pct":100},"statements":{"total":48,"covered":45,"skipped":0,"pct":93.75},"branches":{"total":12,"covered":9,"skipped":0,"pct":75}}
,"/Users/diehbria/aws-synchro-charts/packages/synchro-charts/src/components/charts/common/trends/trendConfig.ts": {"lines":{"total":10,"covered":8,"skipped":0,"pct":80},"functions":{"total":1,"covered":1,"skipped":0,"pct":100},"statements":{"total":10,"covered":8,"skipped":0,"pct":80},"branches":{"total":2,"covered":1,"skipped":0,"pct":50}}
,"/Users/diehbria/aws-synchro-charts/packages/synchro-charts/src/components/charts/sc-bar-chart/bar.frag.ts": {"lines":{"total":1,"covered":1,"skipped":0,"pct":100},"functions":{"total":0,"covered":0,"skipped":0,"pct":100},"statements":{"total":1,"covered":1,"skipped":0,"pct":100},"branches":{"total":0,"covered":0,"skipped":0,"pct":100}}
,"/Users/diehbria/aws-synchro-charts/packages/synchro-charts/src/components/charts/sc-bar-chart/bar.vert.ts": {"lines":{"total":1,"covered":1,"skipped":0,"pct":100},"functions":{"total":0,"covered":0,"skipped":0,"pct":100},"statements":{"total":1,"covered":1,"skipped":0,"pct":100},"branches":{"total":0,"covered":0,"skipped":0,"pct":100}}
,"/Users/diehbria/aws-synchro-charts/packages/synchro-charts/src/components/charts/sc-bar-chart/barMesh.ts": {"lines":{"total":59,"covered":59,"skipped":0,"pct":100},"functions":{"total":10,"covered":10,"skipped":0,"pct":100},"statements":{"total":61,"covered":61,"skipped":0,"pct":100},"branches":{"total":8,"covered":8,"skipped":0,"pct":100}}
,"/Users/diehbria/aws-synchro-charts/packages/synchro-charts/src/components/charts/sc-bar-chart/chartScene.ts": {"lines":{"total":18,"covered":18,"skipped":0,"pct":100},"functions":{"total":3,"covered":3,"skipped":0,"pct":100},"statements":{"total":18,"covered":18,"skipped":0,"pct":100},"branches":{"total":5,"covered":5,"skipped":0,"pct":100}}
,"/Users/diehbria/aws-synchro-charts/packages/synchro-charts/src/components/charts/sc-bar-chart/displayLogic.ts": {"lines":{"total":6,"covered":6,"skipped":0,"pct":100},"functions":{"total":2,"covered":2,"skipped":0,"pct":100},"statements":{"total":6,"covered":6,"skipped":0,"pct":100},"branches":{"total":0,"covered":0,"skipped":0,"pct":100}}
,"/Users/diehbria/aws-synchro-charts/packages/synchro-charts/src/components/charts/sc-bar-chart/sc-bar-chart.tsx": {"lines":{"total":15,"covered":14,"skipped":0,"pct":93.33},"functions":{"total":4,"covered":3,"skipped":0,"pct":75},"statements":{"total":15,"covered":14,"skipped":0,"pct":93.33},"branches":{"total":0,"covered":0,"skipped":0,"pct":100}}
,"/Users/diehbria/aws-synchro-charts/packages/synchro-charts/src/components/charts/sc-legend/constants.ts": {"lines":{"total":1,"covered":1,"skipped":0,"pct":100},"functions":{"total":0,"covered":0,"skipped":0,"pct":100},"statements":{"total":1,"covered":1,"skipped":0,"pct":100},"branches":{"total":0,"covered":0,"skipped":0,"pct":100}}
,"/Users/diehbria/aws-synchro-charts/packages/synchro-charts/src/components/charts/sc-legend/sc-legend.tsx": {"lines":{"total":30,"covered":30,"skipped":0,"pct":100},"functions":{"total":9,"covered":8,"skipped":0,"pct":88.89},"statements":{"total":32,"covered":32,"skipped":0,"pct":100},"branches":{"total":29,"covered":26,"skipped":0,"pct":89.66}}
,"/Users/diehbria/aws-synchro-charts/packages/synchro-charts/src/components/charts/sc-legend/sc-legend-row/sc-legend-row.tsx": {"lines":{"total":13,"covered":12,"skipped":0,"pct":92.31},"functions":{"total":3,"covered":2,"skipped":0,"pct":66.67},"statements":{"total":13,"covered":12,"skipped":0,"pct":92.31},"branches":{"total":18,"covered":18,"skipped":0,"pct":100}}
,"/Users/diehbria/aws-synchro-charts/packages/synchro-charts/src/components/charts/sc-line-chart/chartScene.ts": {"lines":{"total":26,"covered":26,"skipped":0,"pct":100},"functions":{"total":4,"covered":4,"skipped":0,"pct":100},"statements":{"total":27,"covered":27,"skipped":0,"pct":100},"branches":{"total":5,"covered":5,"skipped":0,"pct":100}}
,"/Users/diehbria/aws-synchro-charts/packages/synchro-charts/src/components/charts/sc-line-chart/line-coloration.frag.ts": {"lines":{"total":2,"covered":2,"skipped":0,"pct":100},"functions":{"total":0,"covered":0,"skipped":0,"pct":100},"statements":{"total":2,"covered":2,"skipped":0,"pct":100},"branches":{"total":0,"covered":0,"skipped":0,"pct":100}}
,"/Users/diehbria/aws-synchro-charts/packages/synchro-charts/src/components/charts/sc-line-chart/line.frag.ts": {"lines":{"total":1,"covered":1,"skipped":0,"pct":100},"functions":{"total":0,"covered":0,"skipped":0,"pct":100},"statements":{"total":1,"covered":1,"skipped":0,"pct":100},"branches":{"total":0,"covered":0,"skipped":0,"pct":100}}
,"/Users/diehbria/aws-synchro-charts/packages/synchro-charts/src/components/charts/sc-line-chart/line.vert.ts": {"lines":{"total":1,"covered":1,"skipped":0,"pct":100},"functions":{"total":1,"covered":1,"skipped":0,"pct":100},"statements":{"total":2,"covered":2,"skipped":0,"pct":100},"branches":{"total":4,"covered":4,"skipped":0,"pct":100}}
,"/Users/diehbria/aws-synchro-charts/packages/synchro-charts/src/components/charts/sc-line-chart/lineMesh.ts": {"lines":{"total":66,"covered":66,"skipped":0,"pct":100},"functions":{"total":9,"covered":9,"skipped":0,"pct":100},"statements":{"total":67,"covered":67,"skipped":0,"pct":100},"branches":{"total":11,"covered":10,"skipped":0,"pct":90.91}}
,"/Users/diehbria/aws-synchro-charts/packages/synchro-charts/src/components/charts/sc-line-chart/sc-line-chart.tsx": {"lines":{"total":15,"covered":14,"skipped":0,"pct":93.33},"functions":{"total":4,"covered":3,"skipped":0,"pct":75},"statements":{"total":15,"covered":14,"skipped":0,"pct":93.33},"branches":{"total":0,"covered":0,"skipped":0,"pct":100}}
,"/Users/diehbria/aws-synchro-charts/packages/synchro-charts/src/components/charts/sc-scatter-chart/chartScene.ts": {"lines":{"total":23,"covered":22,"skipped":0,"pct":95.65},"functions":{"total":4,"covered":4,"skipped":0,"pct":100},"statements":{"total":24,"covered":23,"skipped":0,"pct":95.83},"branches":{"total":7,"covered":6,"skipped":0,"pct":85.71}}
,"/Users/diehbria/aws-synchro-charts/packages/synchro-charts/src/components/charts/sc-scatter-chart/sc-scatter-chart.tsx": {"lines":{"total":15,"covered":14,"skipped":0,"pct":93.33},"functions":{"total":4,"covered":3,"skipped":0,"pct":75},"statements":{"total":15,"covered":14,"skipped":0,"pct":93.33},"branches":{"total":0,"covered":0,"skipped":0,"pct":100}}
,"/Users/diehbria/aws-synchro-charts/packages/synchro-charts/src/components/charts/sc-status-chart/chartScene.ts": {"lines":{"total":18,"covered":18,"skipped":0,"pct":100},"functions":{"total":3,"covered":3,"skipped":0,"pct":100},"statements":{"total":18,"covered":18,"skipped":0,"pct":100},"branches":{"total":4,"covered":4,"skipped":0,"pct":100}}
,"/Users/diehbria/aws-synchro-charts/packages/synchro-charts/src/components/charts/sc-status-chart/constants.ts": {"lines":{"total":6,"covered":6,"skipped":0,"pct":100},"functions":{"total":0,"covered":0,"skipped":0,"pct":100},"statements":{"total":6,"covered":6,"skipped":0,"pct":100},"branches":{"total":0,"covered":0,"skipped":0,"pct":100}}
,"/Users/diehbria/aws-synchro-charts/packages/synchro-charts/src/components/charts/sc-status-chart/sc-status-chart.tsx": {"lines":{"total":28,"covered":28,"skipped":0,"pct":100},"functions":{"total":6,"covered":6,"skipped":0,"pct":100},"statements":{"total":29,"covered":29,"skipped":0,"pct":100},"branches":{"total":8,"covered":6,"skipped":0,"pct":75}}
,"/Users/diehbria/aws-synchro-charts/packages/synchro-charts/src/components/charts/sc-status-chart/status.frag.ts": {"lines":{"total":1,"covered":1,"skipped":0,"pct":100},"functions":{"total":0,"covered":0,"skipped":0,"pct":100},"statements":{"total":1,"covered":1,"skipped":0,"pct":100},"branches":{"total":0,"covered":0,"skipped":0,"pct":100}}
,"/Users/diehbria/aws-synchro-charts/packages/synchro-charts/src/components/charts/sc-status-chart/status.vert.ts": {"lines":{"total":1,"covered":1,"skipped":0,"pct":100},"functions":{"total":0,"covered":0,"skipped":0,"pct":100},"statements":{"total":1,"covered":1,"skipped":0,"pct":100},"branches":{"total":0,"covered":0,"skipped":0,"pct":100}}
,"/Users/diehbria/aws-synchro-charts/packages/synchro-charts/src/components/charts/sc-status-chart/statusMesh.ts": {"lines":{"total":74,"covered":74,"skipped":0,"pct":100},"functions":{"total":10,"covered":10,"skipped":0,"pct":100},"statements":{"total":75,"covered":75,"skipped":0,"pct":100},"branches":{"total":20,"covered":20,"skipped":0,"pct":100}}
,"/Users/diehbria/aws-synchro-charts/packages/synchro-charts/src/components/charts/sc-status-chart/sc-status-timeline-overlay/sc-status-timeline-overlay-row.tsx": {"lines":{"total":4,"covered":4,"skipped":0,"pct":100},"functions":{"total":1,"covered":1,"skipped":0,"pct":100},"statements":{"total":4,"covered":4,"skipped":0,"pct":100},"branches":{"total":4,"covered":4,"skipped":0,"pct":100}}
,"/Users/diehbria/aws-synchro-charts/packages/synchro-charts/src/components/charts/sc-status-chart/sc-status-timeline-overlay/sc-status-timeline-overlay.tsx": {"lines":{"total":29,"covered":20,"skipped":0,"pct":68.97},"functions":{"total":8,"covered":3,"skipped":0,"pct":37.5},"statements":{"total":30,"covered":20,"skipped":0,"pct":66.67},"branches":{"total":16,"covered":14,"skipped":0,"pct":87.5}}
,"/Users/diehbria/aws-synchro-charts/packages/synchro-charts/src/components/charts/sc-status-chart/sc-threshold-legend/sc-threshold-legend-row.tsx": {"lines":{"total":3,"covered":3,"skipped":0,"pct":100},"functions":{"total":1,"covered":1,"skipped":0,"pct":100},"statements":{"total":3,"covered":3,"skipped":0,"pct":100},"branches":{"total":0,"covered":0,"skipped":0,"pct":100}}
,"/Users/diehbria/aws-synchro-charts/packages/synchro-charts/src/components/charts/sc-status-chart/sc-threshold-legend/sc-threshold-legend.tsx": {"lines":{"total":13,"covered":13,"skipped":0,"pct":100},"functions":{"total":5,"covered":5,"skipped":0,"pct":100},"statements":{"total":14,"covered":14,"skipped":0,"pct":100},"branches":{"total":2,"covered":2,"skipped":0,"pct":100}}
,"/Users/diehbria/aws-synchro-charts/packages/synchro-charts/src/components/charts/sc-tooltip/constants.ts": {"lines":{"total":1,"covered":1,"skipped":0,"pct":100},"functions":{"total":0,"covered":0,"skipped":0,"pct":100},"statements":{"total":1,"covered":1,"skipped":0,"pct":100},"branches":{"total":0,"covered":0,"skipped":0,"pct":100}}
,"/Users/diehbria/aws-synchro-charts/packages/synchro-charts/src/components/charts/sc-tooltip/sc-tooltip-row.tsx": {"lines":{"total":11,"covered":11,"skipped":0,"pct":100},"functions":{"total":2,"covered":2,"skipped":0,"pct":100},"statements":{"total":11,"covered":11,"skipped":0,"pct":100},"branches":{"total":10,"covered":10,"skipped":0,"pct":100}}
,"/Users/diehbria/aws-synchro-charts/packages/synchro-charts/src/components/charts/sc-tooltip/sc-tooltip-rows.tsx": {"lines":{"total":71,"covered":67,"skipped":0,"pct":94.37},"functions":{"total":19,"covered":19,"skipped":0,"pct":100},"statements":{"total":80,"covered":76,"skipped":0,"pct":95},"branches":{"total":49,"covered":45,"skipped":0,"pct":91.84}}
,"/Users/diehbria/aws-synchro-charts/packages/synchro-charts/src/components/charts/sc-tooltip/sc-tooltip.tsx": {"lines":{"total":28,"covered":0,"skipped":0,"pct":0},"functions":{"total":6,"covered":0,"skipped":0,"pct":0},"statements":{"total":28,"covered":0,"skipped":0,"pct":0},"branches":{"total":10,"covered":0,"skipped":0,"pct":0}}
,"/Users/diehbria/aws-synchro-charts/packages/synchro-charts/src/components/charts/sc-tooltip/sort.ts": {"lines":{"total":10,"covered":10,"skipped":0,"pct":100},"functions":{"total":2,"covered":2,"skipped":0,"pct":100},"statements":{"total":11,"covered":11,"skipped":0,"pct":100},"branches":{"total":12,"covered":12,"skipped":0,"pct":100}}
,"/Users/diehbria/aws-synchro-charts/packages/synchro-charts/src/components/charts/sc-tooltip/tooltipPosition.ts": {"lines":{"total":21,"covered":20,"skipped":0,"pct":95.24},"functions":{"total":3,"covered":3,"skipped":0,"pct":100},"statements":{"total":22,"covered":21,"skipped":0,"pct":95.45},"branches":{"total":12,"covered":11,"skipped":0,"pct":91.67}}
,"/Users/diehbria/aws-synchro-charts/packages/synchro-charts/src/components/charts/sc-tooltip/trendLinePoints.ts": {"lines":{"total":10,"covered":10,"skipped":0,"pct":100},"functions":{"total":5,"covered":5,"skipped":0,"pct":100},"statements":{"total":12,"covered":12,"skipped":0,"pct":100},"branches":{"total":2,"covered":1,"skipped":0,"pct":50}}
,"/Users/diehbria/aws-synchro-charts/packages/synchro-charts/src/components/charts/sc-webgl-base-chart/ChartLegendContainer.tsx": {"lines":{"total":6,"covered":6,"skipped":0,"pct":100},"functions":{"total":1,"covered":1,"skipped":0,"pct":100},"statements":{"total":6,"covered":6,"skipped":0,"pct":100},"branches":{"total":2,"covered":1,"skipped":0,"pct":50}}
,"/Users/diehbria/aws-synchro-charts/packages/synchro-charts/src/components/charts/sc-webgl-base-chart/DataContainer.tsx": {"lines":{"total":3,"covered":3,"skipped":0,"pct":100},"functions":{"total":1,"covered":1,"skipped":0,"pct":100},"statements":{"total":3,"covered":3,"skipped":0,"pct":100},"branches":{"total":0,"covered":0,"skipped":0,"pct":100}}
,"/Users/diehbria/aws-synchro-charts/packages/synchro-charts/src/components/charts/sc-webgl-base-chart/EmptyStatus.tsx": {"lines":{"total":4,"covered":4,"skipped":0,"pct":100},"functions":{"total":1,"covered":1,"skipped":0,"pct":100},"statements":{"total":4,"covered":4,"skipped":0,"pct":100},"branches":{"total":22,"covered":22,"skipped":0,"pct":100}}
,"/Users/diehbria/aws-synchro-charts/packages/synchro-charts/src/components/charts/sc-webgl-base-chart/ErrorStatus.tsx": {"lines":{"total":3,"covered":3,"skipped":0,"pct":100},"functions":{"total":1,"covered":1,"skipped":0,"pct":100},"statements":{"total":3,"covered":3,"skipped":0,"pct":100},"branches":{"total":2,"covered":2,"skipped":0,"pct":100}}
,"/Users/diehbria/aws-synchro-charts/packages/synchro-charts/src/components/charts/sc-webgl-base-chart/LoadingStatus.tsx": {"lines":{"total":4,"covered":4,"skipped":0,"pct":100},"functions":{"total":1,"covered":1,"skipped":0,"pct":100},"statements":{"total":4,"covered":4,"skipped":0,"pct":100},"branches":{"total":4,"covered":4,"skipped":0,"pct":100}}
,"/Users/diehbria/aws-synchro-charts/packages/synchro-charts/src/components/charts/sc-webgl-base-chart/activePoints.ts": {"lines":{"total":44,"covered":43,"skipped":0,"pct":97.73},"functions":{"total":7,"covered":7,"skipped":0,"pct":100},"statements":{"total":48,"covered":47,"skipped":0,"pct":97.92},"branches":{"total":40,"covered":39,"skipped":0,"pct":97.5}}
,"/Users/diehbria/aws-synchro-charts/packages/synchro-charts/src/components/charts/sc-webgl-base-chart/chartDefaults.ts": {"lines":{"total":5,"covered":5,"skipped":0,"pct":100},"functions":{"total":0,"covered":0,"skipped":0,"pct":100},"statements":{"total":5,"covered":5,"skipped":0,"pct":100},"branches":{"total":0,"covered":0,"skipped":0,"pct":100}}
,"/Users/diehbria/aws-synchro-charts/packages/synchro-charts/src/components/charts/sc-webgl-base-chart/clipSpaceConversion.ts": {"lines":{"total":28,"covered":28,"skipped":0,"pct":100},"functions":{"total":5,"covered":5,"skipped":0,"pct":100},"statements":{"total":29,"covered":29,"skipped":0,"pct":100},"branches":{"total":16,"covered":16,"skipped":0,"pct":100}}
,"/Users/diehbria/aws-synchro-charts/packages/synchro-charts/src/components/charts/sc-webgl-base-chart/renderAxis.ts": {"lines":{"total":64,"covered":62,"skipped":0,"pct":96.88},"functions":{"total":11,"covered":11,"skipped":0,"pct":100},"statements":{"total":66,"covered":64,"skipped":0,"pct":96.97},"branches":{"total":37,"covered":33,"skipped":0,"pct":89.19}}
,"/Users/diehbria/aws-synchro-charts/packages/synchro-charts/src/components/charts/sc-webgl-base-chart/sc-gesture-handler.tsx": {"lines":{"total":66,"covered":39,"skipped":0,"pct":59.09},"functions":{"total":15,"covered":8,"skipped":0,"pct":53.33},"statements":{"total":66,"covered":39,"skipped":0,"pct":59.09},"branches":{"total":25,"covered":5,"skipped":0,"pct":20}}
,"/Users/diehbria/aws-synchro-charts/packages/synchro-charts/src/components/charts/sc-webgl-base-chart/sc-webgl-axis.tsx": {"lines":{"total":4,"covered":4,"skipped":0,"pct":100},"functions":{"total":1,"covered":1,"skipped":0,"pct":100},"statements":{"total":4,"covered":4,"skipped":0,"pct":100},"branches":{"total":0,"covered":0,"skipped":0,"pct":100}}
,"/Users/diehbria/aws-synchro-charts/packages/synchro-charts/src/components/charts/sc-webgl-base-chart/sc-webgl-base-chart.tsx": {"lines":{"total":208,"covered":171,"skipped":0,"pct":82.21},"functions":{"total":39,"covered":29,"skipped":0,"pct":74.36},"statements":{"total":212,"covered":175,"skipped":0,"pct":82.55},"branches":{"total":137,"covered":94,"skipped":0,"pct":68.61}}
,"/Users/diehbria/aws-synchro-charts/packages/synchro-charts/src/components/charts/sc-webgl-base-chart/scaleUtil.ts": {"lines":{"total":12,"covered":12,"skipped":0,"pct":100},"functions":{"total":3,"covered":3,"skipped":0,"pct":100},"statements":{"total":12,"covered":12,"skipped":0,"pct":100},"branches":{"total":8,"covered":8,"skipped":0,"pct":100}}
,"/Users/diehbria/aws-synchro-charts/packages/synchro-charts/src/components/charts/sc-webgl-base-chart/utils.ts": {"lines":{"total":36,"covered":35,"skipped":0,"pct":97.22},"functions":{"total":12,"covered":12,"skipped":0,"pct":100},"statements":{"total":39,"covered":38,"skipped":0,"pct":97.44},"branches":{"total":10,"covered":9,"skipped":0,"pct":90}}
,"/Users/diehbria/aws-synchro-charts/packages/synchro-charts/src/components/charts/sc-webgl-base-chart/ChartAxis/ChartAxis.tsx": {"lines":{"total":3,"covered":3,"skipped":0,"pct":100},"functions":{"total":0,"covered":0,"skipped":0,"pct":100},"statements":{"total":3,"covered":3,"skipped":0,"pct":100},"branches":{"total":0,"covered":0,"skipped":0,"pct":100}}
,"/Users/diehbria/aws-synchro-charts/packages/synchro-charts/src/components/charts/sc-webgl-base-chart/ChartAxis/getTickCount.ts": {"lines":{"total":8,"covered":8,"skipped":0,"pct":100},"functions":{"total":1,"covered":1,"skipped":0,"pct":100},"statements":{"total":8,"covered":8,"skipped":0,"pct":100},"branches":{"total":2,"covered":1,"skipped":0,"pct":50}}
,"/Users/diehbria/aws-synchro-charts/packages/synchro-charts/src/components/charts/sc-webgl-base-chart/ChartBrush/brushTransform.ts": {"lines":{"total":8,"covered":8,"skipped":0,"pct":100},"functions":{"total":1,"covered":1,"skipped":0,"pct":100},"statements":{"total":8,"covered":8,"skipped":0,"pct":100},"branches":{"total":0,"covered":0,"skipped":0,"pct":100}}
,"/Users/diehbria/aws-synchro-charts/packages/synchro-charts/src/components/charts/sc-webgl-base-chart/Zoom/Zoom.ts": {"lines":{"total":38,"covered":33,"skipped":0,"pct":86.84},"functions":{"total":9,"covered":7,"skipped":0,"pct":77.78},"statements":{"total":38,"covered":33,"skipped":0,"pct":86.84},"branches":{"total":6,"covered":4,"skipped":0,"pct":66.67}}
,"/Users/diehbria/aws-synchro-charts/packages/synchro-charts/src/components/charts/sc-webgl-base-chart/Zoom/filterGestures.ts": {"lines":{"total":7,"covered":2,"skipped":0,"pct":28.57},"functions":{"total":1,"covered":0,"skipped":0,"pct":0},"statements":{"total":7,"covered":2,"skipped":0,"pct":28.57},"branches":{"total":6,"covered":0,"skipped":0,"pct":0}}
,"/Users/diehbria/aws-synchro-charts/packages/synchro-charts/src/components/charts/sc-webgl-base-chart/Zoom/transformUtil.ts": {"lines":{"total":12,"covered":12,"skipped":0,"pct":100},"functions":{"total":2,"covered":2,"skipped":0,"pct":100},"statements":{"total":12,"covered":12,"skipped":0,"pct":100},"branches":{"total":0,"covered":0,"skipped":0,"pct":100}}
,"/Users/diehbria/aws-synchro-charts/packages/synchro-charts/src/components/charts/sc-webgl-base-chart/Zoom/zoomBehavior.ts": {"lines":{"total":10,"covered":5,"skipped":0,"pct":50},"functions":{"total":2,"covered":1,"skipped":0,"pct":50},"statements":{"total":10,"covered":5,"skipped":0,"pct":50},"branches":{"total":6,"covered":0,"skipped":0,"pct":0}}
,"/Users/diehbria/aws-synchro-charts/packages/synchro-charts/src/components/common/terms.ts": {"lines":{"total":5,"covered":5,"skipped":0,"pct":100},"functions":{"total":0,"covered":0,"skipped":0,"pct":100},"statements":{"total":5,"covered":5,"skipped":0,"pct":100},"branches":{"total":0,"covered":0,"skipped":0,"pct":100}}
,"/Users/diehbria/aws-synchro-charts/packages/synchro-charts/src/components/common/toolTipSettings.ts": {"lines":{"total":1,"covered":1,"skipped":0,"pct":100},"functions":{"total":0,"covered":0,"skipped":0,"pct":100},"statements":{"total":1,"covered":1,"skipped":0,"pct":100},"branches":{"total":0,"covered":0,"skipped":0,"pct":100}}
,"/Users/diehbria/aws-synchro-charts/packages/synchro-charts/src/components/common/webGLPositioning.ts": {"lines":{"total":21,"covered":21,"skipped":0,"pct":100},"functions":{"total":7,"covered":7,"skipped":0,"pct":100},"statements":{"total":21,"covered":21,"skipped":0,"pct":100},"branches":{"total":2,"covered":2,"skipped":0,"pct":100}}
,"/Users/diehbria/aws-synchro-charts/packages/synchro-charts/src/components/sc-data-stream-name/helper.ts": {"lines":{"total":21,"covered":21,"skipped":0,"pct":100},"functions":{"total":4,"covered":4,"skipped":0,"pct":100},"statements":{"total":23,"covered":23,"skipped":0,"pct":100},"branches":{"total":14,"covered":14,"skipped":0,"pct":100}}
,"/Users/diehbria/aws-synchro-charts/packages/synchro-charts/src/components/sc-data-stream-name/sc-data-stream-name.tsx": {"lines":{"total":17,"covered":8,"skipped":0,"pct":47.06},"functions":{"total":5,"covered":2,"skipped":0,"pct":40},"statements":{"total":17,"covered":8,"skipped":0,"pct":47.06},"branches":{"total":15,"covered":4,"skipped":0,"pct":26.67}}
,"/Users/diehbria/aws-synchro-charts/packages/synchro-charts/src/components/sc-error-badge/sc-error-badge.tsx": {"lines":{"total":3,"covered":3,"skipped":0,"pct":100},"functions":{"total":1,"covered":1,"skipped":0,"pct":100},"statements":{"total":3,"covered":3,"skipped":0,"pct":100},"branches":{"total":0,"covered":0,"skipped":0,"pct":100}}
,"/Users/diehbria/aws-synchro-charts/packages/synchro-charts/src/components/sc-expandable-input/sc-expandable-input.tsx": {"lines":{"total":7,"covered":5,"skipped":0,"pct":71.43},"functions":{"total":3,"covered":2,"skipped":0,"pct":66.67},"statements":{"total":7,"covered":5,"skipped":0,"pct":71.43},"branches":{"total":3,"covered":2,"skipped":0,"pct":66.67}}
,"/Users/diehbria/aws-synchro-charts/packages/synchro-charts/src/components/sc-grid/sc-grid.tsx": {"lines":{"total":3,"covered":3,"skipped":0,"pct":100},"functions":{"total":1,"covered":1,"skipped":0,"pct":100},"statements":{"total":3,"covered":3,"skipped":0,"pct":100},"branches":{"total":0,"covered":0,"skipped":0,"pct":100}}
,"/Users/diehbria/aws-synchro-charts/packages/synchro-charts/src/components/sc-help-tooltip/QuestionMarkIcon.tsx": {"lines":{"total":3,"covered":3,"skipped":0,"pct":100},"functions":{"total":1,"covered":1,"skipped":0,"pct":100},"statements":{"total":3,"covered":3,"skipped":0,"pct":100},"branches":{"total":0,"covered":0,"skipped":0,"pct":100}}
,"/Users/diehbria/aws-synchro-charts/packages/synchro-charts/src/components/sc-help-tooltip/sc-help-tooltip.tsx": {"lines":{"total":14,"covered":13,"skipped":0,"pct":92.86},"functions":{"total":4,"covered":4,"skipped":0,"pct":100},"statements":{"total":14,"covered":13,"skipped":0,"pct":92.86},"branches":{"total":6,"covered":4,"skipped":0,"pct":66.67}}
,"/Users/diehbria/aws-synchro-charts/packages/synchro-charts/src/components/sc-kpi/sc-kpi.tsx": {"lines":{"total":9,"covered":9,"skipped":0,"pct":100},"functions":{"total":3,"covered":3,"skipped":0,"pct":100},"statements":{"total":10,"covered":10,"skipped":0,"pct":100},"branches":{"total":0,"covered":0,"skipped":0,"pct":100}}
,"/Users/diehbria/aws-synchro-charts/packages/synchro-charts/src/components/sc-kpi/sc-kpi-base/Arrow.tsx": {"lines":{"total":3,"covered":3,"skipped":0,"pct":100},"functions":{"total":1,"covered":1,"skipped":0,"pct":100},"statements":{"total":3,"covered":3,"skipped":0,"pct":100},"branches":{"total":0,"covered":0,"skipped":0,"pct":100}}
,"/Users/diehbria/aws-synchro-charts/packages/synchro-charts/src/components/sc-kpi/sc-kpi-base/Trend.tsx": {"lines":{"total":26,"covered":25,"skipped":0,"pct":96.15},"functions":{"total":4,"covered":4,"skipped":0,"pct":100},"statements":{"total":26,"covered":25,"skipped":0,"pct":96.15},"branches":{"total":18,"covered":17,"skipped":0,"pct":94.44}}
,"/Users/diehbria/aws-synchro-charts/packages/synchro-charts/src/components/sc-kpi/sc-kpi-base/sc-kpi-base.tsx": {"lines":{"total":43,"covered":38,"skipped":0,"pct":88.37},"functions":{"total":7,"covered":6,"skipped":0,"pct":85.71},"statements":{"total":45,"covered":40,"skipped":0,"pct":88.89},"branches":{"total":49,"covered":41,"skipped":0,"pct":83.67}}
,"/Users/diehbria/aws-synchro-charts/packages/synchro-charts/src/components/sc-loading-spinner/sc-loading-spinner.tsx": {"lines":{"total":4,"covered":4,"skipped":0,"pct":100},"functions":{"total":1,"covered":1,"skipped":0,"pct":100},"statements":{"total":4,"covered":4,"skipped":0,"pct":100},"branches":{"total":3,"covered":3,"skipped":0,"pct":100}}
,"/Users/diehbria/aws-synchro-charts/packages/synchro-charts/src/components/sc-size-provider/renderChild.ts": {"lines":{"total":1,"covered":1,"skipped":0,"pct":100},"functions":{"total":1,"covered":1,"skipped":0,"pct":100},"statements":{"total":2,"covered":2,"skipped":0,"pct":100},"branches":{"total":2,"covered":2,"skipped":0,"pct":100}}
,"/Users/diehbria/aws-synchro-charts/packages/synchro-charts/src/components/sc-size-provider/sc-size-provider.tsx": {"lines":{"total":31,"covered":24,"skipped":0,"pct":77.42},"functions":{"total":8,"covered":5,"skipped":0,"pct":62.5},"statements":{"total":31,"covered":24,"skipped":0,"pct":77.42},"branches":{"total":17,"covered":12,"skipped":0,"pct":70.59}}
,"/Users/diehbria/aws-synchro-charts/packages/synchro-charts/src/components/sc-status-grid/sc-status-grid.tsx": {"lines":{"total":10,"covered":10,"skipped":0,"pct":100},"functions":{"total":3,"covered":3,"skipped":0,"pct":100},"statements":{"total":13,"covered":13,"skipped":0,"pct":100},"branches":{"total":0,"covered":0,"skipped":0,"pct":100}}
,"/Users/diehbria/aws-synchro-charts/packages/synchro-charts/src/components/sc-status-grid/sc-status-cell/highContrastColor.ts": {"lines":{"total":8,"covered":8,"skipped":0,"pct":100},"functions":{"total":1,"covered":1,"skipped":0,"pct":100},"statements":{"total":8,"covered":8,"skipped":0,"pct":100},"branches":{"total":2,"covered":2,"skipped":0,"pct":100}}
,"/Users/diehbria/aws-synchro-charts/packages/synchro-charts/src/components/sc-status-grid/sc-status-cell/sc-status-cell.tsx": {"lines":{"total":23,"covered":21,"skipped":0,"pct":91.3},"functions":{"total":3,"covered":3,"skipped":0,"pct":100},"statements":{"total":23,"covered":21,"skipped":0,"pct":91.3},"branches":{"total":47,"covered":42,"skipped":0,"pct":89.36}}
,"/Users/diehbria/aws-synchro-charts/packages/synchro-charts/src/components/sc-table/constructTableData.ts": {"lines":{"total":24,"covered":24,"skipped":0,"pct":100},"functions":{"total":6,"covered":6,"skipped":0,"pct":100},"statements":{"total":27,"covered":27,"skipped":0,"pct":100},"branches":{"total":11,"covered":11,"skipped":0,"pct":100}}
,"/Users/diehbria/aws-synchro-charts/packages/synchro-charts/src/components/sc-table/sc-table.tsx": {"lines":{"total":24,"covered":19,"skipped":0,"pct":79.17},"functions":{"total":8,"covered":4,"skipped":0,"pct":50},"statements":{"total":24,"covered":19,"skipped":0,"pct":79.17},"branches":{"total":4,"covered":3,"skipped":0,"pct":75}}
,"/Users/diehbria/aws-synchro-charts/packages/synchro-charts/src/components/sc-table/sc-table-base/sc-table-base.tsx": {"lines":{"total":7,"covered":7,"skipped":0,"pct":100},"functions":{"total":2,"covered":2,"skipped":0,"pct":100},"statements":{"total":7,"covered":7,"skipped":0,"pct":100},"branches":{"total":2,"covered":2,"skipped":0,"pct":100}}
,"/Users/diehbria/aws-synchro-charts/packages/synchro-charts/src/components/sc-table/sc-table-cell/sc-table-cell.tsx": {"lines":{"total":17,"covered":17,"skipped":0,"pct":100},"functions":{"total":3,"covered":3,"skipped":0,"pct":100},"statements":{"total":17,"covered":17,"skipped":0,"pct":100},"branches":{"total":27,"covered":24,"skipped":0,"pct":88.89}}
,"/Users/diehbria/aws-synchro-charts/packages/synchro-charts/src/components/sc-table/sc-table-row/sc-table-row.tsx": {"lines":{"total":8,"covered":8,"skipped":0,"pct":100},"functions":{"total":3,"covered":3,"skipped":0,"pct":100},"statements":{"total":8,"covered":8,"skipped":0,"pct":100},"branches":{"total":6,"covered":6,"skipped":0,"pct":100}}
,"/Users/diehbria/aws-synchro-charts/packages/synchro-charts/src/components/sc-webgl-context/handleCameraEvent.ts": {"lines":{"total":10,"covered":10,"skipped":0,"pct":100},"functions":{"total":3,"covered":3,"skipped":0,"pct":100},"statements":{"total":11,"covered":11,"skipped":0,"pct":100},"branches":{"total":4,"covered":3,"skipped":0,"pct":75}}
,"/Users/diehbria/aws-synchro-charts/packages/synchro-charts/src/components/sc-webgl-context/sc-webgl-context.tsx": {"lines":{"total":6,"covered":0,"skipped":0,"pct":0},"functions":{"total":2,"covered":0,"skipped":0,"pct":0},"statements":{"total":6,"covered":0,"skipped":0,"pct":0},"branches":{"total":0,"covered":0,"skipped":0,"pct":100}}
,"/Users/diehbria/aws-synchro-charts/packages/synchro-charts/src/components/sc-webgl-context/viewPortHandler.ts": {"lines":{"total":26,"covered":26,"skipped":0,"pct":100},"functions":{"total":11,"covered":11,"skipped":0,"pct":100},"statements":{"total":30,"covered":30,"skipped":0,"pct":100},"branches":{"total":15,"covered":14,"skipped":0,"pct":93.33}}
,"/Users/diehbria/aws-synchro-charts/packages/synchro-charts/src/components/sc-webgl-context/webglContext.ts": {"lines":{"total":70,"covered":64,"skipped":0,"pct":91.43},"functions":{"total":14,"covered":12,"skipped":0,"pct":85.71},"statements":{"total":71,"covered":65,"skipped":0,"pct":91.55},"branches":{"total":26,"covered":19,"skipped":0,"pct":73.08}}
,"/Users/diehbria/aws-synchro-charts/packages/synchro-charts/src/components/sc-widget-grid/sc-grid-tooltip.tsx": {"lines":{"total":18,"covered":16,"skipped":0,"pct":88.89},"functions":{"total":5,"covered":4,"skipped":0,"pct":80},"statements":{"total":18,"covered":16,"skipped":0,"pct":88.89},"branches":{"total":21,"covered":17,"skipped":0,"pct":80.95}}
,"/Users/diehbria/aws-synchro-charts/packages/synchro-charts/src/components/sc-widget-grid/sc-widget-grid.tsx": {"lines":{"total":64,"covered":61,"skipped":0,"pct":95.31},"functions":{"total":20,"covered":18,"skipped":0,"pct":90},"statements":{"total":70,"covered":67,"skipped":0,"pct":95.71},"branches":{"total":53,"covered":47,"skipped":0,"pct":88.68}}
,"/Users/diehbria/aws-synchro-charts/packages/synchro-charts/src/components/value/Value.tsx": {"lines":{"total":9,"covered":9,"skipped":0,"pct":100},"functions":{"total":1,"covered":1,"skipped":0,"pct":100},"statements":{"total":9,"covered":9,"skipped":0,"pct":100},"branches":{"total":11,"covered":11,"skipped":0,"pct":100}}
,"/Users/diehbria/aws-synchro-charts/packages/synchro-charts/src/utils/dataConstants.ts": {"lines":{"total":12,"covered":12,"skipped":0,"pct":100},"functions":{"total":4,"covered":4,"skipped":0,"pct":100},"statements":{"total":12,"covered":12,"skipped":0,"pct":100},"branches":{"total":8,"covered":8,"skipped":0,"pct":100}}
,"/Users/diehbria/aws-synchro-charts/packages/synchro-charts/src/utils/dataTypes.ts": {"lines":{"total":5,"covered":5,"skipped":0,"pct":100},"functions":{"total":0,"covered":0,"skipped":0,"pct":100},"statements":{"total":5,"covered":5,"skipped":0,"pct":100},"branches":{"total":0,"covered":0,"skipped":0,"pct":100}}
,"/Users/diehbria/aws-synchro-charts/packages/synchro-charts/src/utils/fps.ts": {"lines":{"total":30,"covered":30,"skipped":0,"pct":100},"functions":{"total":7,"covered":7,"skipped":0,"pct":100},"statements":{"total":31,"covered":31,"skipped":0,"pct":100},"branches":{"total":2,"covered":2,"skipped":0,"pct":100}}
,"/Users/diehbria/aws-synchro-charts/packages/synchro-charts/src/utils/getDataPoints.ts": {"lines":{"total":6,"covered":6,"skipped":0,"pct":100},"functions":{"total":1,"covered":1,"skipped":0,"pct":100},"statements":{"total":6,"covered":6,"skipped":0,"pct":100},"branches":{"total":6,"covered":6,"skipped":0,"pct":100}}
,"/Users/diehbria/aws-synchro-charts/packages/synchro-charts/src/utils/intervalStructure.ts": {"lines":{"total":50,"covered":50,"skipped":0,"pct":100},"functions":{"total":22,"covered":22,"skipped":0,"pct":100},"statements":{"total":61,"covered":61,"skipped":0,"pct":100},"branches":{"total":26,"covered":26,"skipped":0,"pct":100}}
,"/Users/diehbria/aws-synchro-charts/packages/synchro-charts/src/utils/number.ts": {"lines":{"total":11,"covered":11,"skipped":0,"pct":100},"functions":{"total":2,"covered":2,"skipped":0,"pct":100},"statements":{"total":11,"covered":11,"skipped":0,"pct":100},"branches":{"total":7,"covered":7,"skipped":0,"pct":100}}
,"/Users/diehbria/aws-synchro-charts/packages/synchro-charts/src/utils/predicates.ts": {"lines":{"total":8,"covered":8,"skipped":0,"pct":100},"functions":{"total":7,"covered":7,"skipped":0,"pct":100},"statements":{"total":13,"covered":13,"skipped":0,"pct":100},"branches":{"total":3,"covered":3,"skipped":0,"pct":100}}
,"/Users/diehbria/aws-synchro-charts/packages/synchro-charts/src/utils/streamPairs.ts": {"lines":{"total":21,"covered":21,"skipped":0,"pct":100},"functions":{"total":14,"covered":14,"skipped":0,"pct":100},"statements":{"total":29,"covered":29,"skipped":0,"pct":100},"branches":{"total":9,"covered":8,"skipped":0,"pct":88.89}}
,"/Users/diehbria/aws-synchro-charts/packages/synchro-charts/src/utils/time.ts": {"lines":{"total":38,"covered":36,"skipped":0,"pct":94.74},"functions":{"total":2,"covered":2,"skipped":0,"pct":100},"statements":{"total":38,"covered":36,"skipped":0,"pct":94.74},"branches":{"total":18,"covered":16,"skipped":0,"pct":88.89}}
,"/Users/diehbria/aws-synchro-charts/packages/synchro-charts/src/utils/viewPort.ts": {"lines":{"total":14,"covered":14,"skipped":0,"pct":100},"functions":{"total":2,"covered":2,"skipped":0,"pct":100},"statements":{"total":14,"covered":14,"skipped":0,"pct":100},"branches":{"total":14,"covered":14,"skipped":0,"pct":100}}
}
